#
# There is insufficient memory for the Java Runtime Environment to continue.
# Native memory allocation (malloc) failed to allocate 422496 bytes for Chunk::new
# Possible reasons:
#   The system is out of physical RAM or swap space
#   In 32 bit mode, the process size limit was hit
# Possible solutions:
#   Reduce memory load on the system
#   Increase physical memory or swap space
#   Check if swap backing store is full
#   Use 64 bit Java on a 64 bit OS
#   Decrease Java heap size (-Xmx/-Xms)
#   Decrease number of Java threads
#   Decrease Java thread stack sizes (-Xss)
#   Set larger code cache with -XX:ReservedCodeCacheSize=
# This output file may be truncated or incomplete.
#
#  Out of Memory Error (allocation.cpp:390), pid=47000, tid=0x0000000000008678
#
# JRE version: Java(TM) SE Runtime Environment (8.0_141-b15) (build 1.8.0_141-b15)
# Java VM: Java HotSpot(TM) 64-Bit Server VM (25.141-b15 mixed mode windows-amd64 compressed oops)
# Failed to write core dump. Minidumps are not enabled by default on client versions of Windows
#

---------------  T H R E A D  ---------------

Current thread (0x0000000017796000):  JavaThread "C2 CompilerThread0" daemon [_thread_in_native, id=34424, stack(0x0000000018ed0000,0x0000000018fd0000)]

Stack: [0x0000000018ed0000,0x0000000018fd0000]
[error occurred during error reporting (printing stack bounds), id 0xc0000005]

Native frames: (J=compiled Java code, j=interpreted, Vv=VM code, C=native code)


Current CompileTask:
C2:   1736 1295       4       java.net.URLStreamHandler::parseURL (1193 bytes)


---------------  P R O C E S S  ---------------

Java Threads: ( => current thread )
  0x0000000019bed800 JavaThread "ReaderThread" [_thread_in_native, id=18424, stack(0x0000000019fd0000,0x000000001a0d0000)]
  0x0000000019229000 JavaThread "Service Thread" daemon [_thread_blocked, id=37480, stack(0x00000000195d0000,0x00000000196d0000)]
  0x00000000177a9000 JavaThread "C1 CompilerThread2" daemon [_thread_blocked, id=48388, stack(0x00000000190d0000,0x00000000191d0000)]
  0x000000001779b000 JavaThread "C2 CompilerThread1" daemon [_thread_in_native, id=49852, stack(0x0000000018fd0000,0x00000000190d0000)]
=>0x0000000017796000 JavaThread "C2 CompilerThread0" daemon [_thread_in_native, id=34424, stack(0x0000000018ed0000,0x0000000018fd0000)]
  0x0000000017794800 JavaThread "Attach Listener" daemon [_thread_blocked, id=45328, stack(0x0000000018dd0000,0x0000000018ed0000)]
  0x0000000017793800 JavaThread "Signal Dispatcher" daemon [_thread_blocked, id=49592, stack(0x0000000018cd0000,0x0000000018dd0000)]
  0x0000000002c5e800 JavaThread "Finalizer" daemon [_thread_blocked, id=49060, stack(0x00000000189e0000,0x0000000018ae0000)]
  0x0000000002c59000 JavaThread "Reference Handler" daemon [_thread_blocked, id=27620, stack(0x00000000188e0000,0x00000000189e0000)]
  0x0000000002b5e800 JavaThread "main" [_thread_in_native, id=14280, stack(0x00000000029e0000,0x0000000002ae0000)]

Other Threads:
  0x0000000017757800 VMThread [stack: 0x00000000187e0000,0x00000000188e0000] [id=48524]
  0x000000001929c000 WatcherThread [stack: 0x00000000196d0000,0x00000000197d0000] [id=11512]

VM state:not at safepoint (normal execution)

VM Mutex/Monitor currently owned by a thread: None

Heap:
 PSYoungGen      total 38400K, used 12407K [0x00000000d5f00000, 0x00000000d8980000, 0x0000000100000000)
  eden space 33280K, 21% used [0x00000000d5f00000,0x00000000d661f140,0x00000000d7f80000)
  from space 5120K, 99% used [0x00000000d8480000,0x00000000d897ee60,0x00000000d8980000)
  to   space 5120K, 0% used [0x00000000d7f80000,0x00000000d7f80000,0x00000000d8480000)
 ParOldGen       total 87552K, used 754K [0x0000000081c00000, 0x0000000087180000, 0x00000000d5f00000)
  object space 87552K, 0% used [0x0000000081c00000,0x0000000081cbcba8,0x0000000087180000)
 Metaspace       used 12757K, capacity 13000K, committed 13184K, reserved 1060864K
  class space    used 1713K, capacity 1798K, committed 1920K, reserved 1048576K

Card table byte_map: [0x0000000012020000,0x0000000012420000] byte_map_base: 0x0000000011c12000

Marking Bits: (ParMarkBitMap*) 0x000000006a20d850
 Begin Bits: [0x0000000012ad0000, 0x0000000014a60000)
 End Bits:   [0x0000000014a60000, 0x00000000169f0000)

Polling page: 0x0000000000c00000

CodeCache: size=245760Kb used=4633Kb max_used=4633Kb free=241126Kb
 bounds [0x0000000002c60000, 0x00000000030f0000, 0x0000000011c60000]
 total_blobs=1653 nmethods=1300 adapters=266
 compilation: enabled

Compilation events (10 events):
Event: 1.722 Thread 0x00000000177a9000 nmethod 1300 0x00000000030e32d0 code [0x00000000030e3440, 0x00000000030e3668]
Event: 1.722 Thread 0x00000000177a9000 1297       3       java.security.cert.CertificateFactory::generateCertificate (9 bytes)
Event: 1.722 Thread 0x00000000177a9000 nmethod 1297 0x00000000030e2e90 code [0x00000000030e3000, 0x00000000030e3228]
Event: 1.722 Thread 0x00000000177a9000 1298   !   3       sun.security.provider.X509Factory::engineGenerateCertificate (113 bytes)
Event: 1.724 Thread 0x00000000177a9000 nmethod 1298 0x00000000030e8810 code [0x00000000030e8b40, 0x00000000030ea1d8]
Event: 1.724 Thread 0x00000000177a9000 1301       3       java.security.KeyStore::getCertificate (26 bytes)
Event: 1.724 Thread 0x00000000177a9000 nmethod 1301 0x00000000030e2910 code [0x00000000030e2aa0, 0x00000000030e2d78]
Event: 1.724 Thread 0x00000000177a9000 1299       3       sun.security.util.MemoryCache::emptyQueue (93 bytes)
Event: 1.724 Thread 0x00000000177a9000 nmethod 1299 0x00000000030e7710 code [0x00000000030e7900, 0x00000000030e8438]
Event: 1.726 Thread 0x000000001779b000 1302 % !   4       java.util.concurrent.ConcurrentHashMap::transfer @ 99 (832 bytes)

GC Heap History (4 events):
Event: 0.917 GC heap before
{Heap before GC invocations=1 (full 0):
 PSYoungGen      total 38400K, used 33280K [0x00000000d5f00000, 0x00000000d8980000, 0x0000000100000000)
  eden space 33280K, 100% used [0x00000000d5f00000,0x00000000d7f80000,0x00000000d7f80000)
  from space 5120K, 0% used [0x00000000d8480000,0x00000000d8480000,0x00000000d8980000)
  to   space 5120K, 0% used [0x00000000d7f80000,0x00000000d7f80000,0x00000000d8480000)
 ParOldGen       total 87552K, used 0K [0x0000000081c00000, 0x0000000087180000, 0x00000000d5f00000)
  object space 87552K, 0% used [0x0000000081c00000,0x0000000081c00000,0x0000000087180000)
 Metaspace       used 5873K, capacity 6228K, committed 6400K, reserved 1056768K
  class space    used 873K, capacity 912K, committed 1024K, reserved 1048576K
Event: 0.920 GC heap after
Heap after GC invocations=1 (full 0):
 PSYoungGen      total 38400K, used 3467K [0x00000000d5f00000, 0x00000000d8980000, 0x0000000100000000)
  eden space 33280K, 0% used [0x00000000d5f00000,0x00000000d5f00000,0x00000000d7f80000)
  from space 5120K, 67% used [0x00000000d7f80000,0x00000000d82e2c60,0x00000000d8480000)
  to   space 5120K, 0% used [0x00000000d8480000,0x00000000d8480000,0x00000000d8980000)
 ParOldGen       total 87552K, used 8K [0x0000000081c00000, 0x0000000087180000, 0x00000000d5f00000)
  object space 87552K, 0% used [0x0000000081c00000,0x0000000081c02000,0x0000000087180000)
 Metaspace       used 5873K, capacity 6228K, committed 6400K, reserved 1056768K
  class space    used 873K, capacity 912K, committed 1024K, reserved 1048576K
}
Event: 1.604 GC heap before
{Heap before GC invocations=2 (full 0):
 PSYoungGen      total 38400K, used 36747K [0x00000000d5f00000, 0x00000000d8980000, 0x0000000100000000)
  eden space 33280K, 100% used [0x00000000d5f00000,0x00000000d7f80000,0x00000000d7f80000)
  from space 5120K, 67% used [0x00000000d7f80000,0x00000000d82e2c60,0x00000000d8480000)
  to   space 5120K, 0% used [0x00000000d8480000,0x00000000d8480000,0x00000000d8980000)
 ParOldGen       total 87552K, used 8K [0x0000000081c00000, 0x0000000087180000, 0x00000000d5f00000)
  object space 87552K, 0% used [0x0000000081c00000,0x0000000081c02000,0x0000000087180000)
 Metaspace       used 12293K, capacity 12552K, committed 12800K, reserved 1060864K
  class space    used 1643K, capacity 1734K, committed 1792K, reserved 1048576K
Event: 1.610 GC heap after
Heap after GC invocations=2 (full 0):
 PSYoungGen      total 38400K, used 5115K [0x00000000d5f00000, 0x00000000d8980000, 0x0000000100000000)
  eden space 33280K, 0% used [0x00000000d5f00000,0x00000000d5f00000,0x00000000d7f80000)
  from space 5120K, 99% used [0x00000000d8480000,0x00000000d897ee60,0x00000000d8980000)
  to   space 5120K, 0% used [0x00000000d7f80000,0x00000000d7f80000,0x00000000d8480000)
 ParOldGen       total 87552K, used 754K [0x0000000081c00000, 0x0000000087180000, 0x00000000d5f00000)
  object space 87552K, 0% used [0x0000000081c00000,0x0000000081cbcba8,0x0000000087180000)
 Metaspace       used 12293K, capacity 12552K, committed 12800K, reserved 1060864K
  class space    used 1643K, capacity 1734K, committed 1792K, reserved 1048576K
}

Deoptimization events (10 events):
Event: 0.937 Thread 0x0000000002b5e800 Uncommon trap: reason=unstable_if action=reinterpret pc=0x0000000002df216c method=java.lang.String.indexOf([CII[CIII)I @ 3
Event: 1.009 Thread 0x0000000002b5e800 Uncommon trap: reason=range_check action=make_not_entrant pc=0x0000000002f056a0 method=sun.reflect.generics.parser.SignatureParser.current()C @ 34
Event: 1.160 Thread 0x0000000002b5e800 Uncommon trap: reason=bimorphic action=maybe_recompile pc=0x0000000002eeed10 method=java.net.URL.<init>(Ljava/net/URL;Ljava/lang/String;Ljava/net/URLStreamHandler;)V @ 504
Event: 1.162 Thread 0x0000000002b5e800 Uncommon trap: reason=unstable_if action=reinterpret pc=0x0000000002e75814 method=sun.misc.MetaIndex.mayContain(Ljava/lang/String;)Z @ 38
Event: 1.325 Thread 0x0000000002b5e800 Uncommon trap: reason=unstable_if action=reinterpret pc=0x0000000002f6f40c method=java.util.HashMap.putVal(ILjava/lang/Object;Ljava/lang/Object;ZZ)Ljava/lang/Object; @ 236
Event: 1.371 Thread 0x0000000002b5e800 Uncommon trap: reason=bimorphic action=maybe_recompile pc=0x0000000002f70cd8 method=java.util.HashMap.putVal(ILjava/lang/Object;Ljava/lang/Object;ZZ)Ljava/lang/Object; @ 203
Event: 1.372 Thread 0x0000000002b5e800 Uncommon trap: reason=bimorphic action=maybe_recompile pc=0x0000000002f70cd8 method=java.util.HashMap.putVal(ILjava/lang/Object;Ljava/lang/Object;ZZ)Ljava/lang/Object; @ 203
Event: 1.373 Thread 0x0000000002b5e800 Uncommon trap: reason=bimorphic action=maybe_recompile pc=0x0000000002f70cd8 method=java.util.HashMap.putVal(ILjava/lang/Object;Ljava/lang/Object;ZZ)Ljava/lang/Object; @ 203
Event: 1.374 Thread 0x0000000002b5e800 Uncommon trap: reason=bimorphic action=maybe_recompile pc=0x0000000002f70cd8 method=java.util.HashMap.putVal(ILjava/lang/Object;Ljava/lang/Object;ZZ)Ljava/lang/Object; @ 203
Event: 1.488 Thread 0x0000000002b5e800 Uncommon trap: reason=bimorphic action=maybe_recompile pc=0x0000000002eeed10 method=java.net.URL.<init>(Ljava/net/URL;Ljava/lang/String;Ljava/net/URLStreamHandler;)V @ 504

Internal exceptions (10 events):
Event: 1.285 Thread 0x0000000002b5e800 Exception <a 'java/lang/ClassNotFoundException': org/apache/log4j/ConsoleAppenderBeanInfo> (0x00000000d744c5b8) thrown at [C:\re\workspace\8-2-build-windows-amd64-cygwin\jdk8u141\9370\hotspot\src\share\vm\classfile\systemDictionary.cpp, line 210]
Event: 1.285 Thread 0x0000000002b5e800 Exception <a 'java/lang/ClassNotFoundException': org/apache/log4j/WriterAppenderBeanInfo> (0x00000000d746a610) thrown at [C:\re\workspace\8-2-build-windows-amd64-cygwin\jdk8u141\9370\hotspot\src\share\vm\classfile\systemDictionary.cpp, line 210]
Event: 1.286 Thread 0x0000000002b5e800 Exception <a 'java/lang/ClassNotFoundException': org/apache/log4j/AppenderSkeletonBeanInfo> (0x00000000d7488fa0) thrown at [C:\re\workspace\8-2-build-windows-amd64-cygwin\jdk8u141\9370\hotspot\src\share\vm\classfile\systemDictionary.cpp, line 210]
Event: 1.287 Thread 0x0000000002b5e800 Exception <a 'java/lang/ClassNotFoundException': org/apache/log4j/AppenderSkeletonCustomizer> (0x00000000d74a91e8) thrown at [C:\re\workspace\8-2-build-windows-amd64-cygwin\jdk8u141\9370\hotspot\src\share\vm\classfile\systemDictionary.cpp, line 210]
Event: 1.289 Thread 0x0000000002b5e800 Exception <a 'java/lang/ClassNotFoundException': org/apache/log4j/WriterAppenderCustomizer> (0x00000000d74dafe0) thrown at [C:\re\workspace\8-2-build-windows-amd64-cygwin\jdk8u141\9370\hotspot\src\share\vm\classfile\systemDictionary.cpp, line 210]
Event: 1.293 Thread 0x0000000002b5e800 Exception <a 'java/lang/ClassNotFoundException': org/apache/log4j/ConsoleAppenderCustomizer> (0x00000000d7506028) thrown at [C:\re\workspace\8-2-build-windows-amd64-cygwin\jdk8u141\9370\hotspot\src\share\vm\classfile\systemDictionary.cpp, line 210]
Event: 1.298 Thread 0x0000000002b5e800 Exception <a 'java/lang/ClassNotFoundException': org/apache/log4j/FileAppenderBeanInfo> (0x00000000d7544308) thrown at [C:\re\workspace\8-2-build-windows-amd64-cygwin\jdk8u141\9370\hotspot\src\share\vm\classfile\systemDictionary.cpp, line 210]
Event: 1.298 Thread 0x0000000002b5e800 Exception <a 'java/lang/ClassNotFoundException': org/apache/log4j/FileAppenderCustomizer> (0x00000000d75622c0) thrown at [C:\re\workspace\8-2-build-windows-amd64-cygwin\jdk8u141\9370\hotspot\src\share\vm\classfile\systemDictionary.cpp, line 210]
Event: 1.527 Thread 0x0000000002b5e800 Exception <a 'java/lang/NoSuchFieldError': method resolution failed> (0x00000000d79189e0) thrown at [C:\re\workspace\8-2-build-windows-amd64-cygwin\jdk8u141\9370\hotspot\src\share\vm\prims\methodHandles.cpp, line 1146]
Event: 1.530 Thread 0x0000000002b5e800 Exception <a 'java/lang/NoSuchFieldError': method resolution failed> (0x00000000d7926840) thrown at [C:\re\workspace\8-2-build-windows-amd64-cygwin\jdk8u141\9370\hotspot\src\share\vm\prims\methodHandles.cpp, line 1146]

Events (10 events):
Event: 1.731 loading class org/apache/http/impl/client/ProxyAuthenticationStrategy
Event: 1.731 loading class org/apache/http/impl/client/ProxyAuthenticationStrategy done
Event: 1.732 loading class org/apache/http/impl/client/DefaultUserTokenHandler
Event: 1.732 loading class org/apache/http/impl/client/DefaultUserTokenHandler done
Event: 1.732 loading class org/apache/http/util/VersionInfo
Event: 1.732 loading class org/apache/http/util/VersionInfo done
Event: 1.734 loading class org/apache/http/protocol/ImmutableHttpProcessor
Event: 1.734 loading class org/apache/http/protocol/ImmutableHttpProcessor done
Event: 1.735 loading class org/apache/http/protocol/RequestTargetHost
Event: 1.735 loading class org/apache/http/protocol/RequestTargetHost done


Dynamic libraries:
0x00007ff6c6930000 - 0x00007ff6c6967000 	C:\Program Files\Java\jdk1.8.0_141\bin\javaw.exe
0x00007ffc537c0000 - 0x00007ffc5399b000 	C:\WINDOWS\SYSTEM32\ntdll.dll
0x00007ffc535c0000 - 0x00007ffc5366e000 	C:\WINDOWS\System32\KERNEL32.DLL
0x00007ffc50a30000 - 0x00007ffc50c79000 	C:\WINDOWS\System32\KERNELBASE.dll
0x00007ffc50f80000 - 0x00007ffc51021000 	C:\WINDOWS\System32\ADVAPI32.dll
0x00007ffc52d40000 - 0x00007ffc52ddd000 	C:\WINDOWS\System32\msvcrt.dll
0x00007ffc528d0000 - 0x00007ffc52929000 	C:\WINDOWS\System32\sechost.dll
0x00007ffc50e50000 - 0x00007ffc50f75000 	C:\WINDOWS\System32\RPCRT4.dll
0x00007ffc53670000 - 0x00007ffc537ba000 	C:\WINDOWS\System32\USER32.dll
0x00007ffc50190000 - 0x00007ffc501ae000 	C:\WINDOWS\System32\win32u.dll
0x00007ffc525c0000 - 0x00007ffc525e7000 	C:\WINDOWS\System32\GDI32.dll
0x00007ffc4fde0000 - 0x00007ffc4ff68000 	C:\WINDOWS\System32\gdi32full.dll
0x00007ffc50c80000 - 0x00007ffc50d1a000 	C:\WINDOWS\System32\msvcp_win.dll
0x00007ffc4fce0000 - 0x00007ffc4fdd6000 	C:\WINDOWS\System32\ucrtbase.dll
0x00007ffc446d0000 - 0x00007ffc44937000 	C:\WINDOWS\WinSxS\amd64_microsoft.windows.common-controls_6595b64144ccf1df_6.0.15063.483_none_26002d27e7c744a2\COMCTL32.dll
0x00007ffc529e0000 - 0x00007ffc52cd9000 	C:\WINDOWS\System32\combase.dll
0x00007ffc509c0000 - 0x00007ffc50a2a000 	C:\WINDOWS\System32\bcryptPrimitives.dll
0x00007ffc510f0000 - 0x00007ffc5111d000 	C:\WINDOWS\System32\IMM32.DLL
0x0000000069750000 - 0x0000000069822000 	C:\Program Files\Java\jdk1.8.0_141\jre\bin\msvcr100.dll
0x00000000699f0000 - 0x000000006a28d000 	C:\Program Files\Java\jdk1.8.0_141\jre\bin\server\jvm.dll
0x00007ffc50e30000 - 0x00007ffc50e38000 	C:\WINDOWS\System32\PSAPI.DLL
0x00007ffc4c5c0000 - 0x00007ffc4c5c9000 	C:\WINDOWS\SYSTEM32\WSOCK32.dll
0x00007ffc43d70000 - 0x00007ffc43d7a000 	C:\WINDOWS\SYSTEM32\VERSION.dll
0x00007ffc451a0000 - 0x00007ffc451c3000 	C:\WINDOWS\SYSTEM32\WINMM.dll
0x00007ffc525f0000 - 0x00007ffc5265c000 	C:\WINDOWS\System32\WS2_32.dll
0x00007ffc45100000 - 0x00007ffc4512b000 	C:\WINDOWS\SYSTEM32\winmmbase.dll
0x00007ffc50140000 - 0x00007ffc50189000 	C:\WINDOWS\System32\cfgmgr32.dll
0x0000000069900000 - 0x000000006990f000 	C:\Program Files\Java\jdk1.8.0_141\jre\bin\verify.dll
0x00000000698d0000 - 0x00000000698f9000 	C:\Program Files\Java\jdk1.8.0_141\jre\bin\java.dll
0x00000000698b0000 - 0x00000000698c6000 	C:\Program Files\Java\jdk1.8.0_141\jre\bin\zip.dll
0x00007ffc51180000 - 0x00007ffc525b6000 	C:\WINDOWS\System32\SHELL32.dll
0x00007ffc52930000 - 0x00007ffc529da000 	C:\WINDOWS\System32\shcore.dll
0x00007ffc501b0000 - 0x00007ffc508a3000 	C:\WINDOWS\System32\windows.storage.dll
0x00007ffc51120000 - 0x00007ffc51171000 	C:\WINDOWS\System32\shlwapi.dll
0x00007ffc4fcc0000 - 0x00007ffc4fcd1000 	C:\WINDOWS\System32\kernel.appcore.dll
0x00007ffc4fc70000 - 0x00007ffc4fcbc000 	C:\WINDOWS\System32\powrprof.dll
0x00007ffc4fc30000 - 0x00007ffc4fc45000 	C:\WINDOWS\System32\profapi.dll
0x0000000069890000 - 0x00000000698aa000 	C:\Program Files\Java\jdk1.8.0_141\jre\bin\net.dll
0x00007ffc4f540000 - 0x00007ffc4f59c000 	C:\WINDOWS\system32\mswsock.dll
0x00007ffc4f320000 - 0x00007ffc4f3c4000 	C:\WINDOWS\SYSTEM32\DNSAPI.dll
0x00007ffc53410000 - 0x00007ffc53418000 	C:\WINDOWS\System32\NSI.dll
0x00007ffc4f2e0000 - 0x00007ffc4f317000 	C:\WINDOWS\SYSTEM32\IPHLPAPI.DLL
0x00007ffc41210000 - 0x00007ffc4121a000 	C:\Windows\System32\rasadhlp.dll
0x00007ffc49030000 - 0x00007ffc4909b000 	C:\WINDOWS\System32\fwpuclnt.dll
0x00007ffc4fb00000 - 0x00007ffc4fb25000 	C:\WINDOWS\SYSTEM32\bcrypt.dll
0x0000000069840000 - 0x0000000069864000 	C:\Program Files\Java\jdk1.8.0_141\jre\bin\sunec.dll
0x00007ffc48e40000 - 0x00007ffc48e56000 	C:\WINDOWS\SYSTEM32\dhcpcsvc6.DLL
0x00007ffc48cf0000 - 0x00007ffc48d0a000 	C:\WINDOWS\SYSTEM32\dhcpcsvc.DLL
0x0000000069870000 - 0x0000000069881000 	C:\Program Files\Java\jdk1.8.0_141\jre\bin\nio.dll
0x00007ffc4f6e0000 - 0x00007ffc4f6f7000 	C:\WINDOWS\SYSTEM32\CRYPTSP.dll
0x00007ffc4f160000 - 0x00007ffc4f194000 	C:\WINDOWS\system32\rsaenh.dll
0x00007ffc4fb60000 - 0x00007ffc4fb89000 	C:\WINDOWS\SYSTEM32\USERENV.dll
0x00007ffc4f700000 - 0x00007ffc4f70b000 	C:\WINDOWS\SYSTEM32\CRYPTBASE.dll

VM Arguments:
jvm_args: -ea -Dfile.encoding=Cp1252 
java_command: org.eclipse.jdt.internal.junit.runner.RemoteTestRunner -version 3 -port 50714 -testLoaderClass org.eclipse.jdt.internal.junit4.runner.JUnit4TestLoader -loaderpluginname org.eclipse.jdt.junit4.runtime -classNames com.revature.caliber.test.uat.CukesRunner
java_class_path (initial): C:\Users\Evan Molinelli\caliber\caliber\target\test-classes;C:\Users\Evan Molinelli\caliber\caliber\target\classes;C:\Users\Evan Molinelli\.m2\repository\com\google\guava\guava\21.0\guava-21.0.jar;C:\Users\Evan Molinelli\.m2\repository\log4j\log4j\1.2.17\log4j-1.2.17.jar;C:\Users\Evan Molinelli\.m2\repository\junit\junit\4.12\junit-4.12.jar;C:\Users\Evan Molinelli\.m2\repository\org\hamcrest\hamcrest-core\1.3\hamcrest-core-1.3.jar;C:\Users\Evan Molinelli\.m2\repository\com\h2database\h2\1.4.191\h2-1.4.191.jar;C:\Users\Evan Molinelli\.m2\repository\org\springframework\spring-beans\4.2.5.RELEASE\spring-beans-4.2.5.RELEASE.jar;C:\Users\Evan Molinelli\.m2\repository\org\springframework\spring-context-support\4.2.5.RELEASE\spring-context-support-4.2.5.RELEASE.jar;C:\Users\Evan Molinelli\.m2\repository\org\springframework\spring-web\4.2.5.RELEASE\spring-web-4.2.5.RELEASE.jar;C:\Users\Evan Molinelli\.m2\repository\org\springframework\spring-aop\4.2.5.RELEASE\spring-aop-4.2.5.RELEASE.jar;C:\Users\Evan Molinelli\.m2\repository\org\springframework\spring-expression\4.2.5.RELEASE\spring-expression-4.2.5.RELEASE.jar;C:\Users\Evan Molinelli\.m2\repository\org\springframework\spring-webmvc\4.2.5.RELEASE\spring-webmvc-4.2.5.RELEASE.jar;C:\Users\Evan Molinelli\.m2\repository\commons-logging\commons-logging\1.2\commons-logging-1.2.jar;C:\Users\Evan Molinelli\.m2\repository\org\hibernate\hibernate-validator\5.2.4.Final\hibernate-validator-5.2.4.Final.jar;C:\Users\Evan Molinelli\.m2\repository\org\jboss\logging\jboss-logging\3.3.0.Final\jboss-logging-3.3.0.Final.jar;C:\Users\Evan Molinelli\.m2\repository\com\fasterxml\classmate\1.1.0\classmate-1.1.0.jar;C:\Users\Evan Molinelli\.m2\repository\javax\validation\validation-api\1.1.0.Final\validation-api-1.1.0.Final.jar;C:\Users\Evan Molinelli\.m2\repository\org\codehaus\jackson\jackson-mapper-asl\1.9.13\jackson-mapper-asl-1.9.13.jar;C:\Users\Evan Molinelli\.m2\repository\org\codehaus\jackson\jackson-core-asl\1
Launcher Type: SUN_STANDARD

Environment Variables:
JAVA_HOME=C:\Program Files\Java\jdk1.8.0_141
PATH=C:/Program Files/Java/jdk1.8.0_141/bin/../jre/bin/server;C:/Program Files/Java/jdk1.8.0_141/bin/../jre/bin;C:/Program Files/Java/jdk1.8.0_141/bin/../jre/lib/amd64;C:\Program Files\Java\jdk1.8.0_141\bin;C:\WINDOWS\system32;C:\WINDOWS;C:\WINDOWS\System32\Wbem;C:\WINDOWS\System32\WindowsPowerShell\v1.0\;C:\Node\;C:\Users\Evan Molinelli\Downloads\apache-maven-3.5.0-bin\apache-maven-3.5.0\bin;C:\Users\Evan Molinelli\AppData\Local\Microsoft\WindowsApps;C:\Users\Evan Molinelli\AppData\Roaming\npm;C:\Users\Evan Molinelli\Downloads\oepe-12.2.1.6-neon-distro-win32-x86_64;
USERNAME=Evan Molinelli
OS=Windows_NT
PROCESSOR_IDENTIFIER=Intel64 Family 6 Model 142 Stepping 9, GenuineIntel



---------------  S Y S T E M  ---------------

OS: Windows 10.0 , 64 bit Build 15063 (10.0.15063.296)

CPU:total 4 (initial active 4) (2 cores per cpu, 2 threads per core) family 6 model 142 stepping 9, cmov, cx8, fxsr, mmx, sse, sse2, sse3, ssse3, sse4.1, sse4.2, popcnt, avx, avx2, aes, clmul, erms, 3dnowpref, lzcnt, ht, tsc, tscinvbit, bmi1, bmi2, adx

Memory: 4k page, physical 8266404k(462028k free), swap 33432228k(5488k free)

vm_info: Java HotSpot(TM) 64-Bit Server VM (25.141-b15) for windows-amd64 JRE (1.8.0_141-b15), built on Jul 12 2017 04:25:12 by "java_re" with MS VC++ 10.0 (VS2010)

time: Wed Sep 20 09:00:11 2017
elapsed time: 1 seconds (0d 0h 0m 1s)

