#
# There is insufficient memory for the Java Runtime Environment to continue.
# Native memory allocation (malloc) failed to allocate 32744 bytes for ChunkPool::allocate
# Possible reasons:
#   The system is out of physical RAM or swap space
#   In 32 bit mode, the process size limit was hit
# Possible solutions:
#   Reduce memory load on the system
#   Increase physical memory or swap space
#   Check if swap backing store is full
#   Use 64 bit Java on a 64 bit OS
#   Decrease Java heap size (-Xmx/-Xms)
#   Decrease number of Java threads
#   Decrease Java thread stack sizes (-Xss)
#   Set larger code cache with -XX:ReservedCodeCacheSize=
# This output file may be truncated or incomplete.
#
#  Out of Memory Error (allocation.cpp:273), pid=48592, tid=0x000000000000728c
#
# JRE version: Java(TM) SE Runtime Environment (8.0_141-b15) (build 1.8.0_141-b15)
# Java VM: Java HotSpot(TM) 64-Bit Server VM (25.141-b15 mixed mode windows-amd64 compressed oops)
# Failed to write core dump. Minidumps are not enabled by default on client versions of Windows
#

---------------  T H R E A D  ---------------

Current thread (0x000000000290e800):  JavaThread "main" [_thread_in_vm, id=29324, stack(0x0000000002940000,0x0000000002a40000)]

Stack: [0x0000000002940000,0x0000000002a40000]
[error occurred during error reporting (printing stack bounds), id 0xc0000005]

Native frames: (J=compiled Java code, j=interpreted, Vv=VM code, C=native code)

Java frames: (J=compiled Java code, j=interpreted, Vv=VM code)
j  java.lang.System.identityHashCode(Ljava/lang/Object;)I+0
j  java.util.IdentityHashMap.hash(Ljava/lang/Object;I)I+1
j  java.util.IdentityHashMap.containsKey(Ljava/lang/Object;)Z+17
j  java.util.Collections$SetFromMap.contains(Ljava/lang/Object;)Z+5
j  java.lang.Throwable.printEnclosedStackTrace(Ljava/lang/Throwable$PrintStreamOrWriter;[Ljava/lang/StackTraceElement;Ljava/lang/String;Ljava/lang/String;Ljava/util/Set;)V+27
j  java.lang.Throwable.printStackTrace(Ljava/lang/Throwable$PrintStreamOrWriter;)V+161
j  java.lang.Throwable.printStackTrace(Ljava/io/PrintWriter;)V+9
j  gherkin.formatter.model.Result.getErrorMessage(Ljava/lang/Throwable;)Ljava/lang/String;+19
j  gherkin.formatter.model.Result.<init>(Ljava/lang/String;Ljava/lang/Long;Ljava/lang/Throwable;Ljava/lang/Object;)V+21
j  cucumber.runtime.Runtime.runHookIfTagsMatch(Lcucumber/runtime/HookDefinition;Lgherkin/formatter/Reporter;Ljava/util/Set;Z)V+185
j  cucumber.runtime.Runtime.runHooks(Ljava/util/List;Lgherkin/formatter/Reporter;Ljava/util/Set;Z)V+47
j  cucumber.runtime.Runtime.runBeforeHooks(Lgherkin/formatter/Reporter;Ljava/util/Set;)V+13
j  cucumber.runtime.model.CucumberScenario.run(Lgherkin/formatter/Formatter;Lgherkin/formatter/Reporter;Lcucumber/runtime/Runtime;)V+34
j  cucumber.runtime.junit.ExecutionUnitRunner.run(Lorg/junit/runner/notification/RunNotifier;)V+25
j  cucumber.runtime.junit.FeatureRunner.runChild(Lorg/junit/runners/ParentRunner;Lorg/junit/runner/notification/RunNotifier;)V+2
j  cucumber.runtime.junit.FeatureRunner.runChild(Ljava/lang/Object;Lorg/junit/runner/notification/RunNotifier;)V+6
j  org.junit.runners.ParentRunner$3.run()V+12
j  org.junit.runners.ParentRunner$1.schedule(Ljava/lang/Runnable;)V+1
j  org.junit.runners.ParentRunner.runChildren(Lorg/junit/runner/notification/RunNotifier;)V+44
j  org.junit.runners.ParentRunner.access$000(Lorg/junit/runners/ParentRunner;Lorg/junit/runner/notification/RunNotifier;)V+2
j  org.junit.runners.ParentRunner$2.evaluate()V+8
j  org.junit.runners.ParentRunner.run(Lorg/junit/runner/notification/RunNotifier;)V+20
j  cucumber.runtime.junit.FeatureRunner.run(Lorg/junit/runner/notification/RunNotifier;)V+30
j  cucumber.api.junit.Cucumber.runChild(Lcucumber/runtime/junit/FeatureRunner;Lorg/junit/runner/notification/RunNotifier;)V+2
j  cucumber.api.junit.Cucumber.runChild(Ljava/lang/Object;Lorg/junit/runner/notification/RunNotifier;)V+6
j  org.junit.runners.ParentRunner$3.run()V+12
j  org.junit.runners.ParentRunner$1.schedule(Ljava/lang/Runnable;)V+1
j  org.junit.runners.ParentRunner.runChildren(Lorg/junit/runner/notification/RunNotifier;)V+44
j  org.junit.runners.ParentRunner.access$000(Lorg/junit/runners/ParentRunner;Lorg/junit/runner/notification/RunNotifier;)V+2
j  org.junit.runners.ParentRunner$2.evaluate()V+8
j  org.junit.runners.ParentRunner.run(Lorg/junit/runner/notification/RunNotifier;)V+20
j  cucumber.api.junit.Cucumber.run(Lorg/junit/runner/notification/RunNotifier;)V+2
j  org.eclipse.jdt.internal.junit4.runner.JUnit4TestReference.run(Lorg/eclipse/jdt/internal/junit/runner/TestExecution;)V+72
j  org.eclipse.jdt.internal.junit.runner.TestExecution.run([Lorg/eclipse/jdt/internal/junit/runner/ITestReference;)V+17
j  org.eclipse.jdt.internal.junit.runner.RemoteTestRunner.runTests([Ljava/lang/String;Ljava/lang/String;Lorg/eclipse/jdt/internal/junit/runner/TestExecution;)V+61
j  org.eclipse.jdt.internal.junit.runner.RemoteTestRunner.runTests(Lorg/eclipse/jdt/internal/junit/runner/TestExecution;)V+10
j  org.eclipse.jdt.internal.junit.runner.RemoteTestRunner.run()V+70
j  org.eclipse.jdt.internal.junit.runner.RemoteTestRunner.main([Ljava/lang/String;)V+14
v  ~StubRoutines::call_stub

---------------  P R O C E S S  ---------------

Java Threads: ( => current thread )
  0x0000000019dc2000 JavaThread "UrlChecker-3" daemon [_thread_in_native, id=39764, stack(0x000000001c720000,0x000000001c820000)]
  0x000000001a986800 JavaThread "Exec Stream Pumper" daemon [_thread_in_native, id=49588, stack(0x000000001c0f0000,0x000000001c1f0000)]
  0x00000000193b3800 JavaThread "Exec Stream Pumper" daemon [_thread_in_native, id=1228, stack(0x000000001bff0000,0x000000001c0f0000)]
  0x000000001a0e9000 JavaThread "Exec Default Executor" daemon [_thread_in_native, id=21248, stack(0x000000001bef0000,0x000000001bff0000)]
  0x000000001a157800 JavaThread "Exec Stream Pumper" daemon [_thread_in_native, id=29080, stack(0x000000001b9f0000,0x000000001baf0000)]
  0x0000000019365000 JavaThread "Exec Stream Pumper" daemon [_thread_in_native, id=46536, stack(0x000000001b8f0000,0x000000001b9f0000)]
  0x0000000019362000 JavaThread "UrlChecker-2" daemon [_thread_blocked, id=17060, stack(0x000000001b7f0000,0x000000001b8f0000)]
  0x000000001a156800 JavaThread "Exec Default Executor" daemon [_thread_in_native, id=39428, stack(0x000000001b2c0000,0x000000001b3c0000)]
  0x0000000019ad5800 JavaThread "ReaderThread" [_thread_in_native, id=14840, stack(0x0000000019eb0000,0x0000000019fb0000)]
  0x0000000019109000 JavaThread "Service Thread" daemon [_thread_blocked, id=39964, stack(0x00000000194b0000,0x00000000195b0000)]
  0x00000000176a5000 JavaThread "C1 CompilerThread2" daemon [_thread_blocked, id=48360, stack(0x0000000018fb0000,0x00000000190b0000)]
  0x0000000017686800 JavaThread "C2 CompilerThread1" daemon [_thread_in_native, id=46608, stack(0x0000000018eb0000,0x0000000018fb0000)]
  0x0000000017676000 JavaThread "C2 CompilerThread0" daemon [_thread_blocked, id=8204, stack(0x0000000018db0000,0x0000000018eb0000)]
  0x0000000017674800 JavaThread "Attach Listener" daemon [_thread_blocked, id=47700, stack(0x0000000018cb0000,0x0000000018db0000)]
  0x0000000017673800 JavaThread "Signal Dispatcher" daemon [_thread_blocked, id=42516, stack(0x0000000018bb0000,0x0000000018cb0000)]
  0x000000001765c800 JavaThread "Finalizer" daemon [_thread_blocked, id=39572, stack(0x00000000188c0000,0x00000000189c0000)]
  0x0000000017639000 JavaThread "Reference Handler" daemon [_thread_blocked, id=39696, stack(0x00000000187c0000,0x00000000188c0000)]
=>0x000000000290e800 JavaThread "main" [_thread_in_vm, id=29324, stack(0x0000000002940000,0x0000000002a40000)]

Other Threads:
  0x0000000017637800 VMThread [stack: 0x00000000186c0000,0x00000000187c0000] [id=1540]
  0x000000001917c800 WatcherThread [stack: 0x00000000195b0000,0x00000000196b0000] [id=29404]

VM state:not at safepoint (normal execution)

VM Mutex/Monitor currently owned by a thread: None

Heap:
 PSYoungGen      total 38400K, used 7245K [0x00000000d5f00000, 0x00000000d8980000, 0x0000000100000000)
  eden space 33280K, 6% used [0x00000000d5f00000,0x00000000d6114c68,0x00000000d7f80000)
  from space 5120K, 99% used [0x00000000d7f80000,0x00000000d847eae8,0x00000000d8480000)
  to   space 5120K, 0% used [0x00000000d8480000,0x00000000d8480000,0x00000000d8980000)
 ParOldGen       total 87552K, used 3643K [0x0000000081c00000, 0x0000000087180000, 0x00000000d5f00000)
  object space 87552K, 4% used [0x0000000081c00000,0x0000000081f8ef20,0x0000000087180000)
 Metaspace       used 16471K, capacity 16776K, committed 17024K, reserved 1064960K
  class space    used 2292K, capacity 2410K, committed 2432K, reserved 1048576K

Card table byte_map: [0x0000000011f00000,0x0000000012300000] byte_map_base: 0x0000000011af2000

Marking Bits: (ParMarkBitMap*) 0x000000006a20d850
 Begin Bits: [0x00000000129b0000, 0x0000000014940000)
 End Bits:   [0x0000000014940000, 0x00000000168d0000)

Polling page: 0x0000000000fb0000

CodeCache: size=245760Kb used=5354Kb max_used=5354Kb free=240405Kb
 bounds [0x0000000002b40000, 0x0000000003080000, 0x0000000011b40000]
 total_blobs=1960 nmethods=1579 adapters=293
 compilation: enabled

Compilation events (10 events):
Event: 46.485 Thread 0x00000000176a5000 nmethod 1575 0x000000000307b490 code [0x000000000307b620, 0x000000000307ba18]
Event: 47.688 Thread 0x00000000176a5000 1576       3       java.lang.CharacterDataLatin1::isOtherUppercase (18 bytes)
Event: 47.689 Thread 0x00000000176a5000 nmethod 1576 0x000000000307bb90 code [0x000000000307bd00, 0x000000000307bf50]
Event: 47.689 Thread 0x00000000176a5000 1577       3       java.lang.CharacterDataLatin1::getPropertiesEx (11 bytes)
Event: 47.689 Thread 0x00000000176a5000 nmethod 1577 0x000000000307c090 code [0x000000000307c1e0, 0x000000000307c370]
Event: 47.690 Thread 0x0000000017686800 1578       4       java.util.regex.Matcher::search (109 bytes)
Event: 47.690 Thread 0x00000000176a5000 1579       3       java.io.PrintWriter::print (13 bytes)
Event: 47.691 Thread 0x00000000176a5000 nmethod 1579 0x000000000307c450 code [0x000000000307c5e0, 0x000000000307c928]
Event: 47.691 Thread 0x00000000176a5000 1580       3       java.io.PrintWriter::write (11 bytes)
Event: 47.692 Thread 0x00000000176a5000 nmethod 1580 0x000000000307cad0 code [0x000000000307cc40, 0x000000000307cec8]

GC Heap History (6 events):
Event: 1.098 GC heap before
{Heap before GC invocations=1 (full 0):
 PSYoungGen      total 38400K, used 33280K [0x00000000d5f00000, 0x00000000d8980000, 0x0000000100000000)
  eden space 33280K, 100% used [0x00000000d5f00000,0x00000000d7f80000,0x00000000d7f80000)
  from space 5120K, 0% used [0x00000000d8480000,0x00000000d8480000,0x00000000d8980000)
  to   space 5120K, 0% used [0x00000000d7f80000,0x00000000d7f80000,0x00000000d8480000)
 ParOldGen       total 87552K, used 0K [0x0000000081c00000, 0x0000000087180000, 0x00000000d5f00000)
  object space 87552K, 0% used [0x0000000081c00000,0x0000000081c00000,0x0000000087180000)
 Metaspace       used 5871K, capacity 6228K, committed 6400K, reserved 1056768K
  class space    used 873K, capacity 912K, committed 1024K, reserved 1048576K
Event: 1.103 GC heap after
Heap after GC invocations=1 (full 0):
 PSYoungGen      total 38400K, used 3499K [0x00000000d5f00000, 0x00000000d8980000, 0x0000000100000000)
  eden space 33280K, 0% used [0x00000000d5f00000,0x00000000d5f00000,0x00000000d7f80000)
  from space 5120K, 68% used [0x00000000d7f80000,0x00000000d82eac80,0x00000000d8480000)
  to   space 5120K, 0% used [0x00000000d8480000,0x00000000d8480000,0x00000000d8980000)
 ParOldGen       total 87552K, used 8K [0x0000000081c00000, 0x0000000087180000, 0x00000000d5f00000)
  object space 87552K, 0% used [0x0000000081c00000,0x0000000081c02000,0x0000000087180000)
 Metaspace       used 5871K, capacity 6228K, committed 6400K, reserved 1056768K
  class space    used 873K, capacity 912K, committed 1024K, reserved 1048576K
}
Event: 2.445 GC heap before
{Heap before GC invocations=2 (full 0):
 PSYoungGen      total 38400K, used 36779K [0x00000000d5f00000, 0x00000000d8980000, 0x0000000100000000)
  eden space 33280K, 100% used [0x00000000d5f00000,0x00000000d7f80000,0x00000000d7f80000)
  from space 5120K, 68% used [0x00000000d7f80000,0x00000000d82eac80,0x00000000d8480000)
  to   space 5120K, 0% used [0x00000000d8480000,0x00000000d8480000,0x00000000d8980000)
 ParOldGen       total 87552K, used 8K [0x0000000081c00000, 0x0000000087180000, 0x00000000d5f00000)
  object space 87552K, 0% used [0x0000000081c00000,0x0000000081c02000,0x0000000087180000)
 Metaspace       used 12413K, capacity 12616K, committed 12800K, reserved 1060864K
  class space    used 1653K, capacity 1734K, committed 1792K, reserved 1048576K
Event: 2.453 GC heap after
Heap after GC invocations=2 (full 0):
 PSYoungGen      total 38400K, used 5117K [0x00000000d5f00000, 0x00000000d8980000, 0x0000000100000000)
  eden space 33280K, 0% used [0x00000000d5f00000,0x00000000d5f00000,0x00000000d7f80000)
  from space 5120K, 99% used [0x00000000d8480000,0x00000000d897f700,0x00000000d8980000)
  to   space 5120K, 0% used [0x00000000d7f80000,0x00000000d7f80000,0x00000000d8480000)
 ParOldGen       total 87552K, used 681K [0x0000000081c00000, 0x0000000087180000, 0x00000000d5f00000)
  object space 87552K, 0% used [0x0000000081c00000,0x0000000081caa6f0,0x0000000087180000)
 Metaspace       used 12413K, capacity 12616K, committed 12800K, reserved 1060864K
  class space    used 1653K, capacity 1734K, committed 1792K, reserved 1048576K
}
Event: 7.628 GC heap before
{Heap before GC invocations=3 (full 0):
 PSYoungGen      total 38400K, used 38397K [0x00000000d5f00000, 0x00000000d8980000, 0x0000000100000000)
  eden space 33280K, 100% used [0x00000000d5f00000,0x00000000d7f80000,0x00000000d7f80000)
  from space 5120K, 99% used [0x00000000d8480000,0x00000000d897f700,0x00000000d8980000)
  to   space 5120K, 0% used [0x00000000d7f80000,0x00000000d7f80000,0x00000000d8480000)
 ParOldGen       total 87552K, used 681K [0x0000000081c00000, 0x0000000087180000, 0x00000000d5f00000)
  object space 87552K, 0% used [0x0000000081c00000,0x0000000081caa6f0,0x0000000087180000)
 Metaspace       used 16408K, capacity 16712K, committed 16768K, reserved 1062912K
  class space    used 2285K, capacity 2410K, committed 2432K, reserved 1048576K
Event: 7.640 GC heap after
Heap after GC invocations=3 (full 0):
 PSYoungGen      total 38400K, used 5114K [0x00000000d5f00000, 0x00000000d8980000, 0x0000000100000000)
  eden space 33280K, 0% used [0x00000000d5f00000,0x00000000d5f00000,0x00000000d7f80000)
  from space 5120K, 99% used [0x00000000d7f80000,0x00000000d847eae8,0x00000000d8480000)
  to   space 5120K, 0% used [0x00000000d8480000,0x00000000d8480000,0x00000000d8980000)
 ParOldGen       total 87552K, used 3643K [0x0000000081c00000, 0x0000000087180000, 0x00000000d5f00000)
  object space 87552K, 4% used [0x0000000081c00000,0x0000000081f8ef20,0x0000000087180000)
 Metaspace       used 16408K, capacity 16712K, committed 16768K, reserved 1062912K
  class space    used 2285K, capacity 2410K, committed 2432K, reserved 1048576K
}

Deoptimization events (10 events):
Event: 1.816 Thread 0x000000000290e800 Uncommon trap: reason=bimorphic action=maybe_recompile pc=0x0000000002e4f3d8 method=java.util.HashMap.putVal(ILjava/lang/Object;Ljava/lang/Object;ZZ)Ljava/lang/Object; @ 203
Event: 2.040 Thread 0x000000000290e800 Uncommon trap: reason=bimorphic action=maybe_recompile pc=0x0000000002dc6d50 method=java.net.URL.<init>(Ljava/net/URL;Ljava/lang/String;Ljava/net/URLStreamHandler;)V @ 504
Event: 2.648 Thread 0x000000000290e800 Uncommon trap: reason=bimorphic action=maybe_recompile pc=0x0000000002e23b08 method=java.util.regex.Matcher.search(I)Z @ 86
Event: 2.726 Thread 0x000000000290e800 Uncommon trap: reason=unstable_if action=reinterpret pc=0x0000000002cf2af0 method=java.lang.String.replace(CC)Ljava/lang/String; @ 2
Event: 2.729 Thread 0x000000000290e800 Uncommon trap: reason=bimorphic action=maybe_recompile pc=0x0000000002dc6d50 method=java.net.URL.<init>(Ljava/net/URL;Ljava/lang/String;Ljava/net/URLStreamHandler;)V @ 504
Event: 2.748 Thread 0x0000000019362000 Uncommon trap: reason=unstable_if action=reinterpret pc=0x0000000002fccf98 method=java.util.concurrent.ConcurrentHashMap.addCount(JI)V @ 121
Event: 5.371 Thread 0x000000000290e800 Uncommon trap: reason=bimorphic action=maybe_recompile pc=0x0000000002dc6d50 method=java.net.URL.<init>(Ljava/net/URL;Ljava/lang/String;Ljava/net/URLStreamHandler;)V @ 504
Event: 5.373 Thread 0x000000000290e800 Uncommon trap: reason=bimorphic action=maybe_recompile pc=0x0000000002e23b08 method=java.util.regex.Matcher.search(I)Z @ 86
Event: 7.643 Thread 0x000000000290e800 Uncommon trap: reason=bimorphic action=maybe_recompile pc=0x0000000002e23b08 method=java.util.regex.Matcher.search(I)Z @ 86
Event: 27.678 Thread 0x000000000290e800 Uncommon trap: reason=bimorphic action=maybe_recompile pc=0x0000000002e23b08 method=java.util.regex.Matcher.search(I)Z @ 86

Internal exceptions (10 events):
Event: 40.296 Thread 0x0000000019dc2000 Exception <a 'java/net/SocketTimeoutException': connect timed out> (0x00000000d6108be8) thrown at [C:\re\workspace\8-2-build-windows-amd64-cygwin\jdk8u141\9370\hotspot\src\share\vm\prims\jni.cpp, line 735]
Event: 41.125 Thread 0x0000000019dc2000 Exception <a 'java/net/SocketTimeoutException': connect timed out> (0x00000000d6109ff0) thrown at [C:\re\workspace\8-2-build-windows-amd64-cygwin\jdk8u141\9370\hotspot\src\share\vm\prims\jni.cpp, line 735]
Event: 41.953 Thread 0x0000000019dc2000 Exception <a 'java/net/SocketTimeoutException': connect timed out> (0x00000000d610b3f8) thrown at [C:\re\workspace\8-2-build-windows-amd64-cygwin\jdk8u141\9370\hotspot\src\share\vm\prims\jni.cpp, line 735]
Event: 42.797 Thread 0x0000000019dc2000 Exception <a 'java/net/SocketTimeoutException': connect timed out> (0x00000000d610c800) thrown at [C:\re\workspace\8-2-build-windows-amd64-cygwin\jdk8u141\9370\hotspot\src\share\vm\prims\jni.cpp, line 735]
Event: 43.639 Thread 0x0000000019dc2000 Exception <a 'java/net/SocketTimeoutException': connect timed out> (0x00000000d610dc08) thrown at [C:\re\workspace\8-2-build-windows-amd64-cygwin\jdk8u141\9370\hotspot\src\share\vm\prims\jni.cpp, line 735]
Event: 44.492 Thread 0x0000000019dc2000 Exception <a 'java/net/SocketTimeoutException': connect timed out> (0x00000000d610f010) thrown at [C:\re\workspace\8-2-build-windows-amd64-cygwin\jdk8u141\9370\hotspot\src\share\vm\prims\jni.cpp, line 735]
Event: 45.320 Thread 0x0000000019dc2000 Exception <a 'java/net/SocketTimeoutException': connect timed out> (0x00000000d6110418) thrown at [C:\re\workspace\8-2-build-windows-amd64-cygwin\jdk8u141\9370\hotspot\src\share\vm\prims\jni.cpp, line 735]
Event: 46.155 Thread 0x0000000019dc2000 Exception <a 'java/net/SocketTimeoutException': connect timed out> (0x00000000d6111820) thrown at [C:\re\workspace\8-2-build-windows-amd64-cygwin\jdk8u141\9370\hotspot\src\share\vm\prims\jni.cpp, line 735]
Event: 46.983 Thread 0x0000000019dc2000 Exception <a 'java/net/SocketTimeoutException': connect timed out> (0x00000000d6112c28) thrown at [C:\re\workspace\8-2-build-windows-amd64-cygwin\jdk8u141\9370\hotspot\src\share\vm\prims\jni.cpp, line 735]
Event: 47.689 Thread 0x000000000290e800 Exception <a 'java/lang/reflect/InvocationTargetException'> (0x00000000d6042f70) thrown at [C:\re\workspace\8-2-build-windows-amd64-cygwin\jdk8u141\9370\hotspot\src\share\vm\runtime\reflection.cpp, line 1092]

Events (10 events):
Event: 27.678 Thread 0x000000000290e800 Uncommon trap: trap_request=0xffffffc6 fr.pc=0x0000000002e23b08
Event: 27.678 Thread 0x000000000290e800 DEOPT PACKING pc=0x0000000002e23b08 sp=0x0000000002a3d6e0
Event: 27.678 Thread 0x000000000290e800 DEOPT UNPACKING pc=0x0000000002b8582a sp=0x0000000002a3d698 mode 2
Event: 27.678 Thread 0x0000000019dc1800 Thread added: 0x0000000019dc1800
Event: 27.679 Thread 0x0000000019dc2000 Thread added: 0x0000000019dc2000
Event: 27.679 Executing VM operation: RevokeBias
Event: 27.679 Executing VM operation: RevokeBias done
Event: 27.680 Executing VM operation: RevokeBias
Event: 27.680 Executing VM operation: RevokeBias done
Event: 27.680 Thread 0x0000000019dc1800 Thread exited: 0x0000000019dc1800


Dynamic libraries:
0x00007ff6c6930000 - 0x00007ff6c6967000 	C:\Program Files\Java\jdk1.8.0_141\bin\javaw.exe
0x00007ffc537c0000 - 0x00007ffc5399b000 	C:\WINDOWS\SYSTEM32\ntdll.dll
0x00007ffc535c0000 - 0x00007ffc5366e000 	C:\WINDOWS\System32\KERNEL32.DLL
0x00007ffc50a30000 - 0x00007ffc50c79000 	C:\WINDOWS\System32\KERNELBASE.dll
0x00007ffc50f80000 - 0x00007ffc51021000 	C:\WINDOWS\System32\ADVAPI32.dll
0x00007ffc52d40000 - 0x00007ffc52ddd000 	C:\WINDOWS\System32\msvcrt.dll
0x00007ffc528d0000 - 0x00007ffc52929000 	C:\WINDOWS\System32\sechost.dll
0x00007ffc50e50000 - 0x00007ffc50f75000 	C:\WINDOWS\System32\RPCRT4.dll
0x00007ffc53670000 - 0x00007ffc537ba000 	C:\WINDOWS\System32\USER32.dll
0x00007ffc50190000 - 0x00007ffc501ae000 	C:\WINDOWS\System32\win32u.dll
0x00007ffc525c0000 - 0x00007ffc525e7000 	C:\WINDOWS\System32\GDI32.dll
0x00007ffc4fde0000 - 0x00007ffc4ff68000 	C:\WINDOWS\System32\gdi32full.dll
0x00007ffc50c80000 - 0x00007ffc50d1a000 	C:\WINDOWS\System32\msvcp_win.dll
0x00007ffc4fce0000 - 0x00007ffc4fdd6000 	C:\WINDOWS\System32\ucrtbase.dll
0x00007ffc446d0000 - 0x00007ffc44937000 	C:\WINDOWS\WinSxS\amd64_microsoft.windows.common-controls_6595b64144ccf1df_6.0.15063.483_none_26002d27e7c744a2\COMCTL32.dll
0x00007ffc529e0000 - 0x00007ffc52cd9000 	C:\WINDOWS\System32\combase.dll
0x00007ffc509c0000 - 0x00007ffc50a2a000 	C:\WINDOWS\System32\bcryptPrimitives.dll
0x00007ffc510f0000 - 0x00007ffc5111d000 	C:\WINDOWS\System32\IMM32.DLL
0x0000000069750000 - 0x0000000069822000 	C:\Program Files\Java\jdk1.8.0_141\jre\bin\msvcr100.dll
0x00000000699f0000 - 0x000000006a28d000 	C:\Program Files\Java\jdk1.8.0_141\jre\bin\server\jvm.dll
0x00007ffc50e30000 - 0x00007ffc50e38000 	C:\WINDOWS\System32\PSAPI.DLL
0x00007ffc4c5c0000 - 0x00007ffc4c5c9000 	C:\WINDOWS\SYSTEM32\WSOCK32.dll
0x00007ffc451a0000 - 0x00007ffc451c3000 	C:\WINDOWS\SYSTEM32\WINMM.dll
0x00007ffc525f0000 - 0x00007ffc5265c000 	C:\WINDOWS\System32\WS2_32.dll
0x00007ffc43d70000 - 0x00007ffc43d7a000 	C:\WINDOWS\SYSTEM32\VERSION.dll
0x00007ffc45100000 - 0x00007ffc4512b000 	C:\WINDOWS\SYSTEM32\WINMMBASE.dll
0x00007ffc50140000 - 0x00007ffc50189000 	C:\WINDOWS\System32\cfgmgr32.dll
0x0000000069900000 - 0x000000006990f000 	C:\Program Files\Java\jdk1.8.0_141\jre\bin\verify.dll
0x00000000698d0000 - 0x00000000698f9000 	C:\Program Files\Java\jdk1.8.0_141\jre\bin\java.dll
0x00000000698b0000 - 0x00000000698c6000 	C:\Program Files\Java\jdk1.8.0_141\jre\bin\zip.dll
0x00007ffc51180000 - 0x00007ffc525b6000 	C:\WINDOWS\System32\SHELL32.dll
0x00007ffc52930000 - 0x00007ffc529da000 	C:\WINDOWS\System32\shcore.dll
0x00007ffc501b0000 - 0x00007ffc508a3000 	C:\WINDOWS\System32\windows.storage.dll
0x00007ffc51120000 - 0x00007ffc51171000 	C:\WINDOWS\System32\shlwapi.dll
0x00007ffc4fcc0000 - 0x00007ffc4fcd1000 	C:\WINDOWS\System32\kernel.appcore.dll
0x00007ffc4fc70000 - 0x00007ffc4fcbc000 	C:\WINDOWS\System32\powrprof.dll
0x00007ffc4fc30000 - 0x00007ffc4fc45000 	C:\WINDOWS\System32\profapi.dll
0x0000000069890000 - 0x00000000698aa000 	C:\Program Files\Java\jdk1.8.0_141\jre\bin\net.dll
0x00007ffc4f540000 - 0x00007ffc4f59c000 	C:\WINDOWS\system32\mswsock.dll
0x00007ffc4f320000 - 0x00007ffc4f3c4000 	C:\WINDOWS\SYSTEM32\DNSAPI.dll
0x00007ffc53410000 - 0x00007ffc53418000 	C:\WINDOWS\System32\NSI.dll
0x00007ffc4f2e0000 - 0x00007ffc4f317000 	C:\WINDOWS\SYSTEM32\IPHLPAPI.DLL
0x00007ffc41210000 - 0x00007ffc4121a000 	C:\Windows\System32\rasadhlp.dll
0x00007ffc49030000 - 0x00007ffc4909b000 	C:\WINDOWS\System32\fwpuclnt.dll
0x00007ffc4fb00000 - 0x00007ffc4fb25000 	C:\WINDOWS\SYSTEM32\bcrypt.dll
0x0000000069840000 - 0x0000000069864000 	C:\Program Files\Java\jdk1.8.0_141\jre\bin\sunec.dll
0x00007ffc48e40000 - 0x00007ffc48e56000 	C:\WINDOWS\SYSTEM32\dhcpcsvc6.DLL
0x00007ffc48cf0000 - 0x00007ffc48d0a000 	C:\WINDOWS\SYSTEM32\dhcpcsvc.DLL
0x0000000069870000 - 0x0000000069881000 	C:\Program Files\Java\jdk1.8.0_141\jre\bin\nio.dll
0x00007ffc4f6e0000 - 0x00007ffc4f6f7000 	C:\WINDOWS\SYSTEM32\CRYPTSP.dll
0x00007ffc4f160000 - 0x00007ffc4f194000 	C:\WINDOWS\system32\rsaenh.dll
0x00007ffc4fb60000 - 0x00007ffc4fb89000 	C:\WINDOWS\SYSTEM32\USERENV.dll
0x00007ffc4f700000 - 0x00007ffc4f70b000 	C:\WINDOWS\SYSTEM32\CRYPTBASE.dll
0x00007ffc46140000 - 0x00007ffc46156000 	C:\WINDOWS\system32\napinsp.dll
0x00007ffc46120000 - 0x00007ffc4613a000 	C:\WINDOWS\system32\pnrpnsp.dll
0x00007ffc4b270000 - 0x00007ffc4b288000 	C:\WINDOWS\system32\NLAapi.dll
0x00007ffc4b230000 - 0x00007ffc4b23e000 	C:\WINDOWS\System32\winrnr.dll
0x00007ffc2f8c0000 - 0x00007ffc2f8d5000 	C:\WINDOWS\System32\wshbth.dll

VM Arguments:
jvm_args: -ea -Dfile.encoding=Cp1252 
java_command: org.eclipse.jdt.internal.junit.runner.RemoteTestRunner -version 3 -port 51708 -testLoaderClass org.eclipse.jdt.internal.junit4.runner.JUnit4TestLoader -loaderpluginname org.eclipse.jdt.junit4.runtime -classNames com.revature.caliber.test.uat.CukesRunner
java_class_path (initial): C:\Users\Evan Molinelli\caliber\caliber\target\test-classes;C:\Users\Evan Molinelli\caliber\caliber\target\classes;C:\Users\Evan Molinelli\.m2\repository\com\google\guava\guava\21.0\guava-21.0.jar;C:\Users\Evan Molinelli\.m2\repository\log4j\log4j\1.2.17\log4j-1.2.17.jar;C:\Users\Evan Molinelli\.m2\repository\junit\junit\4.12\junit-4.12.jar;C:\Users\Evan Molinelli\.m2\repository\org\hamcrest\hamcrest-core\1.3\hamcrest-core-1.3.jar;C:\Users\Evan Molinelli\.m2\repository\com\h2database\h2\1.4.191\h2-1.4.191.jar;C:\Users\Evan Molinelli\.m2\repository\org\springframework\spring-beans\4.2.5.RELEASE\spring-beans-4.2.5.RELEASE.jar;C:\Users\Evan Molinelli\.m2\repository\org\springframework\spring-context-support\4.2.5.RELEASE\spring-context-support-4.2.5.RELEASE.jar;C:\Users\Evan Molinelli\.m2\repository\org\springframework\spring-web\4.2.5.RELEASE\spring-web-4.2.5.RELEASE.jar;C:\Users\Evan Molinelli\.m2\repository\org\springframework\spring-aop\4.2.5.RELEASE\spring-aop-4.2.5.RELEASE.jar;C:\Users\Evan Molinelli\.m2\repository\org\springframework\spring-expression\4.2.5.RELEASE\spring-expression-4.2.5.RELEASE.jar;C:\Users\Evan Molinelli\.m2\repository\org\springframework\spring-webmvc\4.2.5.RELEASE\spring-webmvc-4.2.5.RELEASE.jar;C:\Users\Evan Molinelli\.m2\repository\commons-logging\commons-logging\1.2\commons-logging-1.2.jar;C:\Users\Evan Molinelli\.m2\repository\org\hibernate\hibernate-validator\5.2.4.Final\hibernate-validator-5.2.4.Final.jar;C:\Users\Evan Molinelli\.m2\repository\org\jboss\logging\jboss-logging\3.3.0.Final\jboss-logging-3.3.0.Final.jar;C:\Users\Evan Molinelli\.m2\repository\com\fasterxml\classmate\1.1.0\classmate-1.1.0.jar;C:\Users\Evan Molinelli\.m2\repository\javax\validation\validation-api\1.1.0.Final\validation-api-1.1.0.Final.jar;C:\Users\Evan Molinelli\.m2\repository\org\codehaus\jackson\jackson-mapper-asl\1.9.13\jackson-mapper-asl-1.9.13.jar;C:\Users\Evan Molinelli\.m2\repository\org\codehaus\jackson\jackson-core-asl\1
Launcher Type: SUN_STANDARD

Environment Variables:
JAVA_HOME=C:\Program Files\Java\jdk1.8.0_141
PATH=C:/Program Files/Java/jdk1.8.0_141/bin/../jre/bin/server;C:/Program Files/Java/jdk1.8.0_141/bin/../jre/bin;C:/Program Files/Java/jdk1.8.0_141/bin/../jre/lib/amd64;C:\Program Files\Java\jdk1.8.0_141\bin;C:\WINDOWS\system32;C:\WINDOWS;C:\WINDOWS\System32\Wbem;C:\WINDOWS\System32\WindowsPowerShell\v1.0\;C:\Node\;C:\Users\Evan Molinelli\Downloads\apache-maven-3.5.0-bin\apache-maven-3.5.0\bin;C:\Users\Evan Molinelli\AppData\Local\Microsoft\WindowsApps;C:\Users\Evan Molinelli\AppData\Roaming\npm;C:\Users\Evan Molinelli\Downloads\oepe-12.2.1.6-neon-distro-win32-x86_64;
USERNAME=Evan Molinelli
OS=Windows_NT
PROCESSOR_IDENTIFIER=Intel64 Family 6 Model 142 Stepping 9, GenuineIntel



---------------  S Y S T E M  ---------------

OS: Windows 10.0 , 64 bit Build 15063 (10.0.15063.296)

CPU:total 4 (initial active 4) (2 cores per cpu, 2 threads per core) family 6 model 142 stepping 9, cmov, cx8, fxsr, mmx, sse, sse2, sse3, ssse3, sse4.1, sse4.2, popcnt, avx, avx2, aes, clmul, erms, 3dnowpref, lzcnt, ht, tsc, tscinvbit, bmi1, bmi2, adx

Memory: 4k page, physical 8266404k(722072k free), swap 33432228k(96k free)

vm_info: Java HotSpot(TM) 64-Bit Server VM (25.141-b15) for windows-amd64 JRE (1.8.0_141-b15), built on Jul 12 2017 04:25:12 by "java_re" with MS VC++ 10.0 (VS2010)

time: Wed Sep 20 09:13:41 2017
elapsed time: 47 seconds (0d 0h 0m 47s)

