[INFO  - 2017-09-25T14:15:10.139Z] GhostDriver - Main - running on port 8953
[INFO  - 2017-09-25T14:15:10.687Z] Session [f0cb5490-a1fb-11e7-9056-4f7bf36819e2] - page.settings - {"XSSAuditingEnabled":false,"javascriptCanCloseWindows":true,"javascriptCanOpenWindows":true,"javascriptEnabled":true,"loadImages":true,"localToRemoteUrlAccessEnabled":false,"userAgent":"Mozilla/5.0 (Macintosh; Intel Mac OS X) AppleWebKit/538.1 (KHTML, like Gecko) PhantomJS/2.1.1 Safari/538.1","webSecurityEnabled":true}
[INFO  - 2017-09-25T14:15:10.687Z] Session [f0cb5490-a1fb-11e7-9056-4f7bf36819e2] - page.customHeaders:  - {}
[INFO  - 2017-09-25T14:15:10.687Z] Session [f0cb5490-a1fb-11e7-9056-4f7bf36819e2] - Session.negotiatedCapabilities - {"browserName":"phantomjs","version":"2.1.1","driverName":"ghostdriver","driverVersion":"1.2.0","platform":"mac-unknown-64bit","javascriptEnabled":true,"takesScreenshot":true,"handlesAlerts":false,"databaseEnabled":false,"locationContextEnabled":false,"applicationCacheEnabled":false,"browserConnectionEnabled":false,"cssSelectorsEnabled":true,"webStorageEnabled":false,"rotatable":false,"acceptSslCerts":false,"nativeEvents":true,"proxy":{"proxyType":"direct"}}
[INFO  - 2017-09-25T14:15:10.687Z] SessionManagerReqHand - _postNewSessionCommand - New Session Created: f0cb5490-a1fb-11e7-9056-4f7bf36819e2
[INFO  - 2017-09-25T14:15:12.055Z] GhostDriver - Main - running on port 7944
[INFO  - 2017-09-25T14:15:12.096Z] Session [f1a20580-a1fb-11e7-9f10-6f90fff2b8a8] - page.settings - {"XSSAuditingEnabled":false,"javascriptCanCloseWindows":true,"javascriptCanOpenWindows":true,"javascriptEnabled":true,"loadImages":true,"localToRemoteUrlAccessEnabled":false,"userAgent":"Mozilla/5.0 (Macintosh; Intel Mac OS X) AppleWebKit/538.1 (KHTML, like Gecko) PhantomJS/2.1.1 Safari/538.1","webSecurityEnabled":true}
[INFO  - 2017-09-25T14:15:12.096Z] Session [f1a20580-a1fb-11e7-9f10-6f90fff2b8a8] - page.customHeaders:  - {}
[INFO  - 2017-09-25T14:15:12.096Z] Session [f1a20580-a1fb-11e7-9f10-6f90fff2b8a8] - Session.negotiatedCapabilities - {"browserName":"phantomjs","version":"2.1.1","driverName":"ghostdriver","driverVersion":"1.2.0","platform":"mac-unknown-64bit","javascriptEnabled":true,"takesScreenshot":true,"handlesAlerts":false,"databaseEnabled":false,"locationContextEnabled":false,"applicationCacheEnabled":false,"browserConnectionEnabled":false,"cssSelectorsEnabled":true,"webStorageEnabled":false,"rotatable":false,"acceptSslCerts":false,"nativeEvents":true,"proxy":{"proxyType":"direct"}}
[INFO  - 2017-09-25T14:15:12.096Z] SessionManagerReqHand - _postNewSessionCommand - New Session Created: f1a20580-a1fb-11e7-9f10-6f90fff2b8a8
[INFO  - 2017-09-25T14:15:13.529Z] GhostDriver - Main - running on port 9399
[INFO  - 2017-09-25T14:15:13.763Z] Session [f2a062b0-a1fb-11e7-ab4b-b533d9b4bebf] - page.settings - {"XSSAuditingEnabled":false,"javascriptCanCloseWindows":true,"javascriptCanOpenWindows":true,"javascriptEnabled":true,"loadImages":true,"localToRemoteUrlAccessEnabled":false,"userAgent":"Mozilla/5.0 (Macintosh; Intel Mac OS X) AppleWebKit/538.1 (KHTML, like Gecko) PhantomJS/2.1.1 Safari/538.1","webSecurityEnabled":true}
[INFO  - 2017-09-25T14:15:13.764Z] Session [f2a062b0-a1fb-11e7-ab4b-b533d9b4bebf] - page.customHeaders:  - {}
[INFO  - 2017-09-25T14:15:13.764Z] Session [f2a062b0-a1fb-11e7-ab4b-b533d9b4bebf] - Session.negotiatedCapabilities - {"browserName":"phantomjs","version":"2.1.1","driverName":"ghostdriver","driverVersion":"1.2.0","platform":"mac-unknown-64bit","javascriptEnabled":true,"takesScreenshot":true,"handlesAlerts":false,"databaseEnabled":false,"locationContextEnabled":false,"applicationCacheEnabled":false,"browserConnectionEnabled":false,"cssSelectorsEnabled":true,"webStorageEnabled":false,"rotatable":false,"acceptSslCerts":false,"nativeEvents":true,"proxy":{"proxyType":"direct"}}
[INFO  - 2017-09-25T14:15:13.764Z] SessionManagerReqHand - _postNewSessionCommand - New Session Created: f2a062b0-a1fb-11e7-ab4b-b533d9b4bebf
[INFO  - 2017-09-25T14:15:13.816Z] ShutdownReqHand - _handle - About to shutdown
[INFO  - 2017-09-25T14:15:13.888Z] ShutdownReqHand - _handle - About to shutdown
[INFO  - 2017-09-25T14:15:13.968Z] ShutdownReqHand - _handle - About to shutdown
[INFO  - 2017-09-25T14:15:16.280Z] GhostDriver - Main - running on port 33598
[INFO  - 2017-09-25T14:15:16.365Z] Session [f42db970-a1fb-11e7-bddb-635d3b2a4743] - page.settings - {"XSSAuditingEnabled":false,"javascriptCanCloseWindows":true,"javascriptCanOpenWindows":true,"javascriptEnabled":true,"loadImages":true,"localToRemoteUrlAccessEnabled":false,"userAgent":"Mozilla/5.0 (Macintosh; Intel Mac OS X) AppleWebKit/538.1 (KHTML, like Gecko) PhantomJS/2.1.1 Safari/538.1","webSecurityEnabled":true}
[INFO  - 2017-09-25T14:15:16.365Z] Session [f42db970-a1fb-11e7-bddb-635d3b2a4743] - page.customHeaders:  - {}
[INFO  - 2017-09-25T14:15:16.365Z] Session [f42db970-a1fb-11e7-bddb-635d3b2a4743] - Session.negotiatedCapabilities - {"browserName":"phantomjs","version":"2.1.1","driverName":"ghostdriver","driverVersion":"1.2.0","platform":"mac-unknown-64bit","javascriptEnabled":true,"takesScreenshot":true,"handlesAlerts":false,"databaseEnabled":false,"locationContextEnabled":false,"applicationCacheEnabled":false,"browserConnectionEnabled":false,"cssSelectorsEnabled":true,"webStorageEnabled":false,"rotatable":false,"acceptSslCerts":false,"nativeEvents":true,"proxy":{"proxyType":"direct"}}
[INFO  - 2017-09-25T14:15:16.365Z] SessionManagerReqHand - _postNewSessionCommand - New Session Created: f42db970-a1fb-11e7-bddb-635d3b2a4743
[INFO  - 2017-09-25T14:15:17.721Z] GhostDriver - Main - running on port 27323
[INFO  - 2017-09-25T14:15:18.020Z] Session [f52a1ad0-a1fb-11e7-9e7c-e51305aa220c] - page.settings - {"XSSAuditingEnabled":false,"javascriptCanCloseWindows":true,"javascriptCanOpenWindows":true,"javascriptEnabled":true,"loadImages":true,"localToRemoteUrlAccessEnabled":false,"userAgent":"Mozilla/5.0 (Macintosh; Intel Mac OS X) AppleWebKit/538.1 (KHTML, like Gecko) PhantomJS/2.1.1 Safari/538.1","webSecurityEnabled":true}
[INFO  - 2017-09-25T14:15:18.020Z] Session [f52a1ad0-a1fb-11e7-9e7c-e51305aa220c] - page.customHeaders:  - {}
[INFO  - 2017-09-25T14:15:18.020Z] Session [f52a1ad0-a1fb-11e7-9e7c-e51305aa220c] - Session.negotiatedCapabilities - {"browserName":"phantomjs","version":"2.1.1","driverName":"ghostdriver","driverVersion":"1.2.0","platform":"mac-unknown-64bit","javascriptEnabled":true,"takesScreenshot":true,"handlesAlerts":false,"databaseEnabled":false,"locationContextEnabled":false,"applicationCacheEnabled":false,"browserConnectionEnabled":false,"cssSelectorsEnabled":true,"webStorageEnabled":false,"rotatable":false,"acceptSslCerts":false,"nativeEvents":true,"proxy":{"proxyType":"direct"}}
[INFO  - 2017-09-25T14:15:18.020Z] SessionManagerReqHand - _postNewSessionCommand - New Session Created: f52a1ad0-a1fb-11e7-9e7c-e51305aa220c
[INFO  - 2017-09-25T14:15:19.303Z] GhostDriver - Main - running on port 30552
[INFO  - 2017-09-25T14:15:19.355Z] Session [f5f61d60-a1fb-11e7-a7b2-9968b8fb554c] - page.settings - {"XSSAuditingEnabled":false,"javascriptCanCloseWindows":true,"javascriptCanOpenWindows":true,"javascriptEnabled":true,"loadImages":true,"localToRemoteUrlAccessEnabled":false,"userAgent":"Mozilla/5.0 (Macintosh; Intel Mac OS X) AppleWebKit/538.1 (KHTML, like Gecko) PhantomJS/2.1.1 Safari/538.1","webSecurityEnabled":true}
[INFO  - 2017-09-25T14:15:19.356Z] Session [f5f61d60-a1fb-11e7-a7b2-9968b8fb554c] - page.customHeaders:  - {}
[INFO  - 2017-09-25T14:15:19.356Z] Session [f5f61d60-a1fb-11e7-a7b2-9968b8fb554c] - Session.negotiatedCapabilities - {"browserName":"phantomjs","version":"2.1.1","driverName":"ghostdriver","driverVersion":"1.2.0","platform":"mac-unknown-64bit","javascriptEnabled":true,"takesScreenshot":true,"handlesAlerts":false,"databaseEnabled":false,"locationContextEnabled":false,"applicationCacheEnabled":false,"browserConnectionEnabled":false,"cssSelectorsEnabled":true,"webStorageEnabled":false,"rotatable":false,"acceptSslCerts":false,"nativeEvents":true,"proxy":{"proxyType":"direct"}}
[INFO  - 2017-09-25T14:15:19.356Z] SessionManagerReqHand - _postNewSessionCommand - New Session Created: f5f61d60-a1fb-11e7-a7b2-9968b8fb554c
[INFO  - 2017-09-25T14:15:19.395Z] ShutdownReqHand - _handle - About to shutdown
[INFO  - 2017-09-25T14:15:20.176Z] ShutdownReqHand - _handle - About to shutdown
[INFO  - 2017-09-25T14:15:21.254Z] ShutdownReqHand - _handle - About to shutdown
[INFO  - 2017-09-25T14:15:23.700Z] GhostDriver - Main - running on port 21034
[INFO  - 2017-09-25T14:15:23.973Z] Session [f8b6c400-a1fb-11e7-83f1-fd27256b4463] - page.settings - {"XSSAuditingEnabled":false,"javascriptCanCloseWindows":true,"javascriptCanOpenWindows":true,"javascriptEnabled":true,"loadImages":true,"localToRemoteUrlAccessEnabled":false,"userAgent":"Mozilla/5.0 (Macintosh; Intel Mac OS X) AppleWebKit/538.1 (KHTML, like Gecko) PhantomJS/2.1.1 Safari/538.1","webSecurityEnabled":true}
[INFO  - 2017-09-25T14:15:23.973Z] Session [f8b6c400-a1fb-11e7-83f1-fd27256b4463] - page.customHeaders:  - {}
[INFO  - 2017-09-25T14:15:23.974Z] Session [f8b6c400-a1fb-11e7-83f1-fd27256b4463] - Session.negotiatedCapabilities - {"browserName":"phantomjs","version":"2.1.1","driverName":"ghostdriver","driverVersion":"1.2.0","platform":"mac-unknown-64bit","javascriptEnabled":true,"takesScreenshot":true,"handlesAlerts":false,"databaseEnabled":false,"locationContextEnabled":false,"applicationCacheEnabled":false,"browserConnectionEnabled":false,"cssSelectorsEnabled":true,"webStorageEnabled":false,"rotatable":false,"acceptSslCerts":false,"nativeEvents":true,"proxy":{"proxyType":"direct"}}
[INFO  - 2017-09-25T14:15:23.974Z] SessionManagerReqHand - _postNewSessionCommand - New Session Created: f8b6c400-a1fb-11e7-83f1-fd27256b4463
[INFO  - 2017-09-25T14:15:25.349Z] GhostDriver - Main - running on port 43652
[INFO  - 2017-09-25T14:15:25.627Z] Session [f9b2fe50-a1fb-11e7-a027-3936e9011996] - page.settings - {"XSSAuditingEnabled":false,"javascriptCanCloseWindows":true,"javascriptCanOpenWindows":true,"javascriptEnabled":true,"loadImages":true,"localToRemoteUrlAccessEnabled":false,"userAgent":"Mozilla/5.0 (Macintosh; Intel Mac OS X) AppleWebKit/538.1 (KHTML, like Gecko) PhantomJS/2.1.1 Safari/538.1","webSecurityEnabled":true}
[INFO  - 2017-09-25T14:15:25.627Z] Session [f9b2fe50-a1fb-11e7-a027-3936e9011996] - page.customHeaders:  - {}
[INFO  - 2017-09-25T14:15:25.627Z] Session [f9b2fe50-a1fb-11e7-a027-3936e9011996] - Session.negotiatedCapabilities - {"browserName":"phantomjs","version":"2.1.1","driverName":"ghostdriver","driverVersion":"1.2.0","platform":"mac-unknown-64bit","javascriptEnabled":true,"takesScreenshot":true,"handlesAlerts":false,"databaseEnabled":false,"locationContextEnabled":false,"applicationCacheEnabled":false,"browserConnectionEnabled":false,"cssSelectorsEnabled":true,"webStorageEnabled":false,"rotatable":false,"acceptSslCerts":false,"nativeEvents":true,"proxy":{"proxyType":"direct"}}
[INFO  - 2017-09-25T14:15:25.627Z] SessionManagerReqHand - _postNewSessionCommand - New Session Created: f9b2fe50-a1fb-11e7-a027-3936e9011996
[INFO  - 2017-09-25T14:15:27.149Z] GhostDriver - Main - running on port 16048
[INFO  - 2017-09-25T14:15:27.294Z] Session [fab10d60-a1fb-11e7-9ddf-f1b91965eb71] - page.settings - {"XSSAuditingEnabled":false,"javascriptCanCloseWindows":true,"javascriptCanOpenWindows":true,"javascriptEnabled":true,"loadImages":true,"localToRemoteUrlAccessEnabled":false,"userAgent":"Mozilla/5.0 (Macintosh; Intel Mac OS X) AppleWebKit/538.1 (KHTML, like Gecko) PhantomJS/2.1.1 Safari/538.1","webSecurityEnabled":true}
[INFO  - 2017-09-25T14:15:27.295Z] Session [fab10d60-a1fb-11e7-9ddf-f1b91965eb71] - page.customHeaders:  - {}
[INFO  - 2017-09-25T14:15:27.295Z] Session [fab10d60-a1fb-11e7-9ddf-f1b91965eb71] - Session.negotiatedCapabilities - {"browserName":"phantomjs","version":"2.1.1","driverName":"ghostdriver","driverVersion":"1.2.0","platform":"mac-unknown-64bit","javascriptEnabled":true,"takesScreenshot":true,"handlesAlerts":false,"databaseEnabled":false,"locationContextEnabled":false,"applicationCacheEnabled":false,"browserConnectionEnabled":false,"cssSelectorsEnabled":true,"webStorageEnabled":false,"rotatable":false,"acceptSslCerts":false,"nativeEvents":true,"proxy":{"proxyType":"direct"}}
[INFO  - 2017-09-25T14:15:27.296Z] SessionManagerReqHand - _postNewSessionCommand - New Session Created: fab10d60-a1fb-11e7-9ddf-f1b91965eb71
[INFO  - 2017-09-25T14:15:27.340Z] ShutdownReqHand - _handle - About to shutdown
[INFO  - 2017-09-25T14:15:27.446Z] ShutdownReqHand - _handle - About to shutdown
[INFO  - 2017-09-25T14:15:27.523Z] ShutdownReqHand - _handle - About to shutdown
