#
# There is insufficient memory for the Java Runtime Environment to continue.
# Native memory allocation (mmap) failed to map 33554432 bytes for committing reserved memory.
# Possible reasons:
#   The system is out of physical RAM or swap space
#   In 32 bit mode, the process size limit was hit
# Possible solutions:
#   Reduce memory load on the system
#   Increase physical memory or swap space
#   Check if swap backing store is full
#   Use 64 bit Java on a 64 bit OS
#   Decrease Java heap size (-Xmx/-Xms)
#   Decrease number of Java threads
#   Decrease Java thread stack sizes (-Xss)
#   Set larger code cache with -XX:ReservedCodeCacheSize=
# This output file may be truncated or incomplete.
#
#  Out of Memory Error (os_linux.cpp:2640), pid=15634, tid=0x00007f15b9ef6700
#
# JRE version: OpenJDK Runtime Environment (8.0_144-b01) (build 1.8.0_144-b01)
# Java VM: OpenJDK 64-Bit Server VM (25.144-b01 mixed mode linux-amd64 compressed oops)
# Core dump written. Default location: /home/danny/Revature/caliber/microservices/dto/core or core.15634
#

---------------  T H R E A D  ---------------

Current thread (0x00007f15d0072800):  VMThread [stack: 0x00007f15b9df6000,0x00007f15b9ef7000] [id=15654]

Stack: [0x00007f15b9df6000,0x00007f15b9ef7000],  sp=0x00007f15b9ef5420,  free space=1021k
Native frames: (J=compiled Java code, j=interpreted, Vv=VM code, C=native code)
V  [libjvm.so+0xaa3d82]
V  [libjvm.so+0x4d85e7]
V  [libjvm.so+0x8e0be0]
V  [libjvm.so+0x8db29e]
V  [libjvm.so+0x95af06]
V  [libjvm.so+0x949b7a]
V  [libjvm.so+0x949d48]
V  [libjvm.so+0x94a950]
V  [libjvm.so+0x950cec]
V  [libjvm.so+0x950ffe]
V  [libjvm.so+0x454803]
V  [libjvm.so+0xaa4ed1]
V  [libjvm.so+0xaaaa76]
V  [libjvm.so+0xaa82a1]
V  [libjvm.so+0xaa9743]
V  [libjvm.so+0xaa9b27]
V  [libjvm.so+0x8de152]

VM_Operation (0x00007f15b98551b0): CollectForMetadataAllocation, mode: safepoint, requested by thread 0x00007f15d00b5800


---------------  P R O C E S S  ---------------

Java Threads: ( => current thread )
  0x00007f158c807800 JavaThread "background-preinit" [_thread_blocked, id=15676, stack(0x00007f159352b000,0x00007f159362c000)]
  0x00007f15d1390800 JavaThread "main" [_thread_blocked, id=15672, stack(0x00007f159382c000,0x00007f159392d000)]
  0x00007f15d00c2800 JavaThread "Service Thread" daemon [_thread_blocked, id=15660, stack(0x00007f15b9655000,0x00007f15b9756000)]
  0x00007f15d00b5800 JavaThread "C1 CompilerThread1" daemon [_thread_blocked, id=15659, stack(0x00007f15b9756000,0x00007f15b9857000)]
  0x00007f15d00b2800 JavaThread "C2 CompilerThread0" daemon [_thread_blocked, id=15658, stack(0x00007f15b9857000,0x00007f15b9958000)]
  0x00007f15d00b1000 JavaThread "Signal Dispatcher" daemon [_thread_blocked, id=15657, stack(0x00007f15b9958000,0x00007f15b9a59000)]
  0x00007f15d007f000 JavaThread "Finalizer" daemon [_thread_blocked, id=15656, stack(0x00007f15b9bf4000,0x00007f15b9cf5000)]
  0x00007f15d007a800 JavaThread "Reference Handler" daemon [_thread_blocked, id=15655, stack(0x00007f15b9cf5000,0x00007f15b9df6000)]
  0x00007f15d0009800 JavaThread "main" [_thread_blocked, id=15650, stack(0x00007f15d65a0000,0x00007f15d66a1000)]

Other Threads:
=>0x00007f15d0072800 VMThread [stack: 0x00007f15b9df6000,0x00007f15b9ef7000] [id=15654]
  0x00007f15d00c5000 WatcherThread [stack: 0x00007f15b9554000,0x00007f15b9655000] [id=15661]

VM state:at safepoint (normal execution)

VM Mutex/Monitor currently owned by a thread:  ([mutex/lock_event])
[0x00007f15d0006830] ExpandHeap_lock - owner thread: 0x00007f15d0072800
[0x00007f15d0006eb0] Threads_lock - owner thread: 0x00007f15d0072800
[0x00007f15d00073b0] Heap_lock - owner thread: 0x00007f15d00b5800
[0x00007f15d0007930] MethodData_lock - owner thread: 0x00007f15d00b5800

Heap:
 PSYoungGen      total 153088K, used 0K [0x00000000f5580000, 0x0000000100000000, 0x0000000100000000)
  eden space 135680K, 0% used [0x00000000f5580000,0x00000000f5580000,0x00000000fda00000)
  from space 17408K, 0% used [0x00000000fef00000,0x00000000fef00000,0x0000000100000000)
  to   space 19456K, 0% used [0x00000000fda00000,0x00000000fda00000,0x00000000fed00000)
 ParOldGen       total 53248K, used 44920K [0x00000000e0000000, 0x00000000e3400000, 0x00000000f5580000)
  object space 53248K, 84% used [0x00000000e0000000,0x00000000e2bde3f0,0x00000000e3400000)
 Metaspace       used 34815K, capacity 35276K, committed 35416K, reserved 1081344K
  class space    used 4186K, capacity 4358K, committed 4440K, reserved 1048576K

Card table byte_map: [0x00007f15d40b9000,0x00007f15d41ba000] byte_map_base: 0x00007f15d39b9000

Marking Bits: (ParMarkBitMap*) 0x00007f15d5890120
 Begin Bits: [0x00007f15bb000000, 0x00007f15bb800000)
 End Bits:   [0x00007f15bb800000, 0x00007f15bc000000)

Polling page: 0x00007f15d66ce000

CodeCache: size=245760Kb used=13943Kb max_used=13955Kb free=231816Kb
 bounds [0x00007f15c09b5000, 0x00007f15c1775000, 0x00007f15cf9b5000]
 total_blobs=4727 nmethods=4313 adapters=328
 compilation: enabled

Compilation events (10 events):
Event: 60.808 Thread 0x00007f15d00b5800 nmethod 5118 0x00007f15c175c890 code [0x00007f15c175ca40, 0x00007f15c175d008]
Event: 60.808 Thread 0x00007f15d00b5800 5125   !   3       java.lang.reflect.Executable::sharedToGenericString (329 bytes)
Event: 60.823 Thread 0x00007f15d00b5800 nmethod 5125 0x00007f15c175d1d0 code [0x00007f15c175d7e0, 0x00007f15c1761c18]
Event: 60.823 Thread 0x00007f15d00b5800 5120       3       java.util.TreeMap$EntryIterator::next (5 bytes)
Event: 60.824 Thread 0x00007f15d00b5800 nmethod 5120 0x00007f15c175c390 code [0x00007f15c175c500, 0x00007f15c175c7e8]
Event: 60.824 Thread 0x00007f15d00b5800 5121       3       java.util.TreeMap$EntryIterator::next (5 bytes)
Event: 60.824 Thread 0x00007f15d00b5800 nmethod 5121 0x00007f15c175bf90 code [0x00007f15c175c100, 0x00007f15c175c308]
Event: 61.293 Thread 0x00007f15d00b5800 5126       3       org.springframework.asm.Type::getDescriptor (214 bytes)
Event: 61.349 Thread 0x00007f15d00b2800 5128       4       java.util.AbstractCollection::toArray (147 bytes)
Event: 61.599 Thread 0x00007f15d00b2800 nmethod 5128 0x00007f15c1766910 code [0x00007f15c1766a80, 0x00007f15c1766d98]

GC Heap History (10 events):
Event: 22.181 GC heap after
Heap after GC invocations=9 (full 0):
 PSYoungGen      total 105984K, used 12288K [0x00000000f5580000, 0x0000000100000000, 0x0000000100000000)
  eden space 93696K, 0% used [0x00000000f5580000,0x00000000f5580000,0x00000000fb100000)
  from space 12288K, 100% used [0x00000000fb100000,0x00000000fbd00000,0x00000000fbd00000)
  to   space 15872K, 0% used [0x00000000ff080000,0x00000000ff080000,0x0000000100000000)
 ParOldGen       total 32768K, used 18148K [0x00000000e0000000, 0x00000000e2000000, 0x00000000f5580000)
  object space 32768K, 55% used [0x00000000e0000000,0x00000000e11b93d0,0x00000000e2000000)
 Metaspace       used 16588K, capacity 16932K, committed 17152K, reserved 1064960K
  class space    used 1891K, capacity 2018K, committed 2048K, reserved 1048576K
}
Event: 29.894 GC heap before
{Heap before GC invocations=10 (full 0):
 PSYoungGen      total 105984K, used 68866K [0x00000000f5580000, 0x0000000100000000, 0x0000000100000000)
  eden space 93696K, 60% used [0x00000000f5580000,0x00000000f8cc0828,0x00000000fb100000)
  from space 12288K, 100% used [0x00000000fb100000,0x00000000fbd00000,0x00000000fbd00000)
  to   space 15872K, 0% used [0x00000000ff080000,0x00000000ff080000,0x0000000100000000)
 ParOldGen       total 32768K, used 18148K [0x00000000e0000000, 0x00000000e2000000, 0x00000000f5580000)
  object space 32768K, 55% used [0x00000000e0000000,0x00000000e11b93d0,0x00000000e2000000)
 Metaspace       used 20872K, capacity 21198K, committed 21248K, reserved 1069056K
  class space    used 2437K, capacity 2547K, committed 2560K, reserved 1048576K
Event: 30.010 GC heap after
Heap after GC invocations=10 (full 0):
 PSYoungGen      total 155648K, used 12635K [0x00000000f5580000, 0x0000000100000000, 0x0000000100000000)
  eden space 139776K, 0% used [0x00000000f5580000,0x00000000f5580000,0x00000000fde00000)
  from space 15872K, 79% used [0x00000000ff080000,0x00000000ffcd6d18,0x0000000100000000)
  to   space 17408K, 0% used [0x00000000fde00000,0x00000000fde00000,0x00000000fef00000)
 ParOldGen       total 32768K, used 24805K [0x00000000e0000000, 0x00000000e2000000, 0x00000000f5580000)
  object space 32768K, 75% used [0x00000000e0000000,0x00000000e1839400,0x00000000e2000000)
 Metaspace       used 20872K, capacity 21198K, committed 21248K, reserved 1069056K
  class space    used 2437K, capacity 2547K, committed 2560K, reserved 1048576K
}
Event: 30.010 GC heap before
{Heap before GC invocations=11 (full 1):
 PSYoungGen      total 155648K, used 12635K [0x00000000f5580000, 0x0000000100000000, 0x0000000100000000)
  eden space 139776K, 0% used [0x00000000f5580000,0x00000000f5580000,0x00000000fde00000)
  from space 15872K, 79% used [0x00000000ff080000,0x00000000ffcd6d18,0x0000000100000000)
  to   space 17408K, 0% used [0x00000000fde00000,0x00000000fde00000,0x00000000fef00000)
 ParOldGen       total 32768K, used 24805K [0x00000000e0000000, 0x00000000e2000000, 0x00000000f5580000)
  object space 32768K, 75% used [0x00000000e0000000,0x00000000e1839400,0x00000000e2000000)
 Metaspace       used 20872K, capacity 21198K, committed 21248K, reserved 1069056K
  class space    used 2437K, capacity 2547K, committed 2560K, reserved 1048576K
Event: 30.514 GC heap after
Heap after GC invocations=11 (full 1):
 PSYoungGen      total 155648K, used 0K [0x00000000f5580000, 0x0000000100000000, 0x0000000100000000)
  eden space 139776K, 0% used [0x00000000f5580000,0x00000000f5580000,0x00000000fde00000)
  from space 15872K, 0% used [0x00000000ff080000,0x00000000ff080000,0x0000000100000000)
  to   space 17408K, 0% used [0x00000000fde00000,0x00000000fde00000,0x00000000fef00000)
 ParOldGen       total 53248K, used 28186K [0x00000000e0000000, 0x00000000e3400000, 0x00000000f5580000)
  object space 53248K, 52% used [0x00000000e0000000,0x00000000e1b86ab8,0x00000000e3400000)
 Metaspace       used 20872K, capacity 21198K, committed 21248K, reserved 1069056K
  class space    used 2437K, capacity 2547K, committed 2560K, reserved 1048576K
}
Event: 43.332 GC heap before
{Heap before GC invocations=12 (full 1):
 PSYoungGen      total 155648K, used 139776K [0x00000000f5580000, 0x0000000100000000, 0x0000000100000000)
  eden space 139776K, 100% used [0x00000000f5580000,0x00000000fde00000,0x00000000fde00000)
  from space 15872K, 0% used [0x00000000ff080000,0x00000000ff080000,0x0000000100000000)
  to   space 17408K, 0% used [0x00000000fde00000,0x00000000fde00000,0x00000000fef00000)
 ParOldGen       total 53248K, used 28186K [0x00000000e0000000, 0x00000000e3400000, 0x00000000f5580000)
  object space 53248K, 52% used [0x00000000e0000000,0x00000000e1b86ab8,0x00000000e3400000)
 Metaspace       used 26796K, capacity 27182K, committed 27520K, reserved 1073152K
  class space    used 3192K, capacity 3345K, committed 3456K, reserved 1048576K
Event: 43.429 GC heap after
Heap after GC invocations=12 (full 1):
 PSYoungGen      total 157184K, used 17400K [0x00000000f5580000, 0x0000000100000000, 0x0000000100000000)
  eden space 139776K, 0% used [0x00000000f5580000,0x00000000f5580000,0x00000000fde00000)
  from space 17408K, 99% used [0x00000000fde00000,0x00000000feefe0e0,0x00000000fef00000)
  to   space 17408K, 0% used [0x00000000fef00000,0x00000000fef00000,0x0000000100000000)
 ParOldGen       total 53248K, used 30233K [0x00000000e0000000, 0x00000000e3400000, 0x00000000f5580000)
  object space 53248K, 56% used [0x00000000e0000000,0x00000000e1d86740,0x00000000e3400000)
 Metaspace       used 26796K, capacity 27182K, committed 27520K, reserved 1073152K
  class space    used 3192K, capacity 3345K, committed 3456K, reserved 1048576K
}
Event: 62.066 GC heap before
{Heap before GC invocations=13 (full 1):
 PSYoungGen      total 157184K, used 116849K [0x00000000f5580000, 0x0000000100000000, 0x0000000100000000)
  eden space 139776K, 71% used [0x00000000f5580000,0x00000000fb69e650,0x00000000fde00000)
  from space 17408K, 99% used [0x00000000fde00000,0x00000000feefe0e0,0x00000000fef00000)
  to   space 17408K, 0% used [0x00000000fef00000,0x00000000fef00000,0x0000000100000000)
 ParOldGen       total 53248K, used 30233K [0x00000000e0000000, 0x00000000e3400000, 0x00000000f5580000)
  object space 53248K, 56% used [0x00000000e0000000,0x00000000e1d86740,0x00000000e3400000)
 Metaspace       used 34815K, capacity 35276K, committed 35416K, reserved 1081344K
  class space    used 4186K, capacity 4358K, committed 4440K, reserved 1048576K
Event: 62.514 GC heap after
Heap after GC invocations=13 (full 1):
 PSYoungGen      total 153088K, used 9149K [0x00000000f5580000, 0x0000000100000000, 0x0000000100000000)
  eden space 135680K, 0% used [0x00000000f5580000,0x00000000f5580000,0x00000000fda00000)
  from space 17408K, 52% used [0x00000000fef00000,0x00000000ff7ef5f8,0x0000000100000000)
  to   space 19456K, 0% used [0x00000000fda00000,0x00000000fda00000,0x00000000fed00000)
 ParOldGen       total 53248K, used 44531K [0x00000000e0000000, 0x00000000e3400000, 0x00000000f5580000)
  object space 53248K, 83% used [0x00000000e0000000,0x00000000e2b7cfc0,0x00000000e3400000)
 Metaspace       used 34815K, capacity 35276K, committed 35416K, reserved 1081344K
  class space    used 4186K, capacity 4358K, committed 4440K, reserved 1048576K
}
Event: 62.518 GC heap before
{Heap before GC invocations=14 (full 2):
 PSYoungGen      total 153088K, used 9149K [0x00000000f5580000, 0x0000000100000000, 0x0000000100000000)
  eden space 135680K, 0% used [0x00000000f5580000,0x00000000f5580000,0x00000000fda00000)
  from space 17408K, 52% used [0x00000000fef00000,0x00000000ff7ef5f8,0x0000000100000000)
  to   space 19456K, 0% used [0x00000000fda00000,0x00000000fda00000,0x00000000fed00000)
 ParOldGen       total 53248K, used 44531K [0x00000000e0000000, 0x00000000e3400000, 0x00000000f5580000)
  object space 53248K, 83% used [0x00000000e0000000,0x00000000e2b7cfc0,0x00000000e3400000)
 Metaspace       used 34815K, capacity 35276K, committed 35416K, reserved 1081344K
  class space    used 4186K, capacity 4358K, committed 4440K, reserved 1048576K

Deoptimization events (10 events):
Event: 54.177 Thread 0x00007f158c807800 Uncommon trap: reason=class_check action=maybe_recompile pc=0x00007f15c11fa600 method=java.util.Hashtable.put(Ljava/lang/Object;Ljava/lang/Object;)Ljava/lang/Object; @ 18
Event: 54.380 Thread 0x00007f158c807800 Uncommon trap: reason=class_check action=maybe_recompile pc=0x00007f15c11fa600 method=java.util.Hashtable.put(Ljava/lang/Object;Ljava/lang/Object;)Ljava/lang/Object; @ 18
Event: 60.114 Thread 0x00007f158c807800 Uncommon trap: reason=bimorphic action=maybe_recompile pc=0x00007f15c130d0b8 method=java.util.WeakHashMap.eq(Ljava/lang/Object;Ljava/lang/Object;)Z @ 7
Event: 60.165 Thread 0x00007f158c807800 Uncommon trap: reason=bimorphic action=maybe_recompile pc=0x00007f15c130d0b8 method=java.util.WeakHashMap.eq(Ljava/lang/Object;Ljava/lang/Object;)Z @ 7
Event: 60.383 Thread 0x00007f158c807800 Uncommon trap: reason=predicate action=maybe_recompile pc=0x00007f15c0c01060 method=java.util.AbstractCollection.toArray([Ljava/lang/Object;)[Ljava/lang/Object; @ 49
Event: 60.769 Thread 0x00007f158c807800 Uncommon trap: reason=array_check action=maybe_recompile pc=0x00007f15c128fad0 method=java.util.AbstractCollection.toArray([Ljava/lang/Object;)[Ljava/lang/Object; @ 119
Event: 60.769 Thread 0x00007f158c807800 Uncommon trap: reason=array_check action=maybe_recompile pc=0x00007f15c128fad0 method=java.util.AbstractCollection.toArray([Ljava/lang/Object;)[Ljava/lang/Object; @ 119
Event: 60.769 Thread 0x00007f15d1390800 Uncommon trap: reason=array_check action=maybe_recompile pc=0x00007f15c128fad0 method=java.util.AbstractCollection.toArray([Ljava/lang/Object;)[Ljava/lang/Object; @ 119
Event: 60.769 Thread 0x00007f158c807800 Uncommon trap: reason=array_check action=maybe_recompile pc=0x00007f15c128fad0 method=java.util.AbstractCollection.toArray([Ljava/lang/Object;)[Ljava/lang/Object; @ 119
Event: 61.748 Thread 0x00007f158c807800 Uncommon trap: reason=bimorphic action=maybe_recompile pc=0x00007f15c130d0b8 method=java.util.WeakHashMap.eq(Ljava/lang/Object;Ljava/lang/Object;)Z @ 7

Internal exceptions (10 events):
Event: 60.115 Thread 0x00007f15d1390800 Exception <a 'java/lang/ClassNotFoundException': org/springframework/beans/factory/InitializingBeanCustomizer> (0x00000000fb2b9358) thrown at [/build/java8-openjdk/src/jdk8u-jdk8u144-b01/hotspot/src/share/vm/classfile/systemDictionary.cpp, line 210]
Event: 60.116 Thread 0x00007f15d1390800 Exception <a 'java/lang/ClassNotFoundException': org/springframework/beans/factory/DisposableBeanCustomizer> (0x00000000fb2e1728) thrown at [/build/java8-openjdk/src/jdk8u-jdk8u144-b01/hotspot/src/share/vm/classfile/systemDictionary.cpp, line 210]
Event: 60.117 Thread 0x00007f15d1390800 Exception <a 'java/lang/ClassNotFoundException': org/springframework/context/ApplicationListenerCustomizer> (0x00000000fb309900) thrown at [/build/java8-openjdk/src/jdk8u-jdk8u144-b01/hotspot/src/share/vm/classfile/systemDictionary.cpp, line 210]
Event: 60.119 Thread 0x00007f15d1390800 Exception <a 'java/lang/ClassNotFoundException': org/springframework/core/PriorityOrderedCustomizer> (0x00000000fb32e088) thrown at [/build/java8-openjdk/src/jdk8u-jdk8u144-b01/hotspot/src/share/vm/classfile/systemDictionary.cpp, line 210]
Event: 60.769 Thread 0x00007f15d1390800 Exception <a 'java/lang/ClassNotFoundException': java/lang/ObjectCustomizer> (0x00000000fb3f3990) thrown at [/build/java8-openjdk/src/jdk8u-jdk8u144-b01/hotspot/src/share/vm/classfile/systemDictionary.cpp, line 210]
Event: 60.771 Thread 0x00007f15d1390800 Exception <a 'java/lang/ClassNotFoundException': org/springframework/cloud/autoconfigure/ConfigurationPropertiesRebinderAutoConfigurationCustomizer> (0x00000000fb432fa0) thrown at [/build/java8-openjdk/src/jdk8u-jdk8u144-b01/hotspot/src/share/vm/classfile
Event: 60.773 Thread 0x00007f15d1390800 Exception <a 'java/lang/ClassNotFoundException': org/springframework/cloud/autoconfigure/ConfigurationPropertiesRebinderAutoConfiguration$$EnhancerBySpringCGLIB$$fd8da899Customizer> (0x00000000fb4840a0) thrown at [/build/java8-openjdk/src/jdk8u-jdk8u144-b
Event: 60.775 Thread 0x00007f15d1390800 Exception <a 'java/lang/ClassNotFoundException': org/springframework/context/annotation/ConfigurationClassEnhancer$EnhancedConfigurationCustomizer> (0x00000000fb5b26d0) thrown at [/build/java8-openjdk/src/jdk8u-jdk8u144-b01/hotspot/src/share/vm/classfile/
Event: 60.777 Thread 0x00007f15d1390800 Exception <a 'java/lang/ClassNotFoundException': org/springframework/context/ApplicationContextAwareCustomizer> (0x00000000fb5dcb10) thrown at [/build/java8-openjdk/src/jdk8u-jdk8u144-b01/hotspot/src/share/vm/classfile/systemDictionary.cpp, line 210]
Event: 60.778 Thread 0x00007f15d1390800 Exception <a 'java/lang/ClassNotFoundException': org/springframework/beans/factory/SmartInitializingSingletonCustomizer> (0x00000000fb60c450) thrown at [/build/java8-openjdk/src/jdk8u-jdk8u144-b01/hotspot/src/share/vm/classfile/systemDictionary.cpp, line 

Events (10 events):
Event: 61.381 loading class sun/management/ManagementFactoryHelper$LoggingMXBean
Event: 61.381 loading class java/util/logging/LoggingMXBean
Event: 61.747 loading class java/util/logging/LoggingMXBean done
Event: 61.747 loading class sun/management/ManagementFactoryHelper$LoggingMXBean done
Event: 61.747 loading class sun/management/ManagementFactoryHelper$PlatformLoggingImpl done
Event: 61.748 Thread 0x00007f158c807800 Uncommon trap: trap_request=0xffffffc6 fr.pc=0x00007f15c130d0b8
Event: 61.748 Thread 0x00007f158c807800 DEOPT PACKING pc=0x00007f15c130d0b8 sp=0x00007f1593628800
Event: 61.748 Thread 0x00007f158c807800 DEOPT UNPACKING pc=0x00007f15c09b9f69 sp=0x00007f1593628758 mode 2
Event: 61.749 loading class javax/management/openmbean/OpenMBeanParameterInfoSupport
Event: 61.907 Executing VM operation: CollectForMetadataAllocation


Dynamic libraries:
e0000000-e3400000 rw-p 00000000 00:00 0 
e5400000-f5580000 ---p 00000000 00:00 0 
f5580000-100000000 rw-p 00000000 00:00 0 
100000000-100456000 rw-p 00000000 00:00 0 
100456000-140000000 ---p 00000000 00:00 0 
55cf7b694000-55cf7b695000 r-xp 00000000 08:01 10518875                   /usr/lib/jvm/java-8-openjdk/jre/bin/java
55cf7b894000-55cf7b895000 r--p 00000000 08:01 10518875                   /usr/lib/jvm/java-8-openjdk/jre/bin/java
55cf7b895000-55cf7b896000 rw-p 00001000 08:01 10518875                   /usr/lib/jvm/java-8-openjdk/jre/bin/java
55cf7d1cf000-55cf7d1f0000 rw-p 00000000 00:00 0                          [heap]
7f1584000000-7f15841da000 rw-p 00000000 00:00 0 
7f15841da000-7f1588000000 ---p 00000000 00:00 0 
7f158c000000-7f158c8d7000 rw-p 00000000 00:00 0 
7f158c8d7000-7f1590000000 ---p 00000000 00:00 0 
7f1592050000-7f1592090000 rw-p 00000000 00:00 0 
7f1592090000-7f1592250000 ---p 00000000 00:00 0 
7f1592250000-7f1592450000 rw-p 00000000 00:00 0 
7f1592450000-7f1592650000 rw-p 00000000 00:00 0 
7f1592650000-7f1592850000 rw-p 00000000 00:00 0 
7f1592850000-7f1592858000 r-xp 00000000 08:01 10518934                   /usr/lib/jvm/java-8-openjdk/jre/lib/amd64/libmanagement.so
7f1592858000-7f1592a58000 ---p 00008000 08:01 10518934                   /usr/lib/jvm/java-8-openjdk/jre/lib/amd64/libmanagement.so
7f1592a58000-7f1592a59000 r--p 00008000 08:01 10518934                   /usr/lib/jvm/java-8-openjdk/jre/lib/amd64/libmanagement.so
7f1592a59000-7f1592a5a000 rw-p 00009000 08:01 10518934                   /usr/lib/jvm/java-8-openjdk/jre/lib/amd64/libmanagement.so
7f1592a5a000-7f1592a69000 r-xp 00000000 08:01 10473045                   /usr/lib/libnss_myhostname.so.2
7f1592a69000-7f1592c69000 ---p 0000f000 08:01 10473045                   /usr/lib/libnss_myhostname.so.2
7f1592c69000-7f1592c6b000 r--p 0000f000 08:01 10473045                   /usr/lib/libnss_myhostname.so.2
7f1592c6b000-7f1592c6c000 rw-p 00011000 08:01 10473045                   /usr/lib/libnss_myhostname.so.2
7f1592c6c000-7f1592c7f000 r-xp 00000000 08:01 10474952                   /usr/lib/libresolv-2.26.so
7f1592c7f000-7f1592e7f000 ---p 00013000 08:01 10474952                   /usr/lib/libresolv-2.26.so
7f1592e7f000-7f1592e80000 r--p 00013000 08:01 10474952                   /usr/lib/libresolv-2.26.so
7f1592e80000-7f1592e81000 rw-p 00014000 08:01 10474952                   /usr/lib/libresolv-2.26.so
7f1592e81000-7f1592e83000 rw-p 00000000 00:00 0 
7f1592e83000-7f1592e88000 r-xp 00000000 08:01 10475914                   /usr/lib/libnss_dns-2.26.so
7f1592e88000-7f1593087000 ---p 00005000 08:01 10475914                   /usr/lib/libnss_dns-2.26.so
7f1593087000-7f1593088000 r--p 00004000 08:01 10475914                   /usr/lib/libnss_dns-2.26.so
7f1593088000-7f1593089000 rw-p 00005000 08:01 10475914                   /usr/lib/libnss_dns-2.26.so
7f1593089000-7f15930c0000 r-xp 00000000 08:01 10473062                   /usr/lib/libnss_resolve.so.2
7f15930c0000-7f15932c0000 ---p 00037000 08:01 10473062                   /usr/lib/libnss_resolve.so.2
7f15932c0000-7f15932c3000 r--p 00037000 08:01 10473062                   /usr/lib/libnss_resolve.so.2
7f15932c3000-7f15932c4000 rw-p 0003a000 08:01 10473062                   /usr/lib/libnss_resolve.so.2
7f15932c4000-7f15932fc000 r-xp 00000000 08:01 10473046                   /usr/lib/libnss_mymachines.so.2
7f15932fc000-7f15934fb000 ---p 00038000 08:01 10473046                   /usr/lib/libnss_mymachines.so.2
7f15934fb000-7f15934fe000 r--p 00037000 08:01 10473046                   /usr/lib/libnss_mymachines.so.2
7f15934fe000-7f15934ff000 rw-p 0003a000 08:01 10473046                   /usr/lib/libnss_mymachines.so.2
7f159352b000-7f159352e000 ---p 00000000 00:00 0 
7f159352e000-7f159382c000 rw-p 00000000 00:00 0 
7f159382c000-7f159382f000 ---p 00000000 00:00 0 
7f159382f000-7f159392d000 rw-p 00000000 00:00 0 
7f159392d000-7f1593939000 r--s 00077000 08:01 165317                     /home/danny/.m2/repository/io/netty/netty-common/4.1.12.Final/netty-common-4.1.12.Final.jar
7f1593939000-7f1593952000 r--s 000f3000 08:01 11928998                   /home/danny/.m2/repository/org/springframework/integration/spring-integration-core/4.3.12.RELEASE/spring-integration-core-4.3.12.RELEASE.jar
7f1593952000-7f1593953000 r--s 00000000 08:01 11944138                   /home/danny/.m2/repository/org/springframework/boot/spring-boot-starter-aop/1.5.9.RELEASE/spring-boot-starter-aop-1.5.9.RELEASE.jar
7f1593953000-7f1593954000 r--s 00004000 08:01 11954442                   /home/danny/.m2/repository/org/springframework/security/spring-security-rsa/1.0.3.RELEASE/spring-security-rsa-1.0.3.RELEASE.jar
7f1593954000-7f1593955000 r--s 00004000 08:01 11943967                   /home/danny/.m2/repository/com/vaadin/external/google/android-json/0.0.20131108.vaadin1/android-json-0.0.20131108.vaadin1.jar
7f1593955000-7f159395e000 r--s 00061000 08:01 165322                     /home/danny/.m2/repository/io/netty/netty-transport/4.1.12.Final/netty-transport-4.1.12.Final.jar
7f159395e000-7f159396b000 r--s 00109000 08:01 165303                     /home/danny/.m2/repository/org/mozilla/rhino/1.7R4/rhino-1.7R4.jar
7f159396b000-7f159396e000 r--s 0000c000 08:01 165295                     /home/danny/.m2/repository/com/github/fge/uri-template/0.9/uri-template-0.9.jar
7f159396e000-7f1593970000 r--s 0000f000 08:01 11954470                   /home/danny/.m2/repository/com/netflix/netflix-commons/netflix-eventbus/0.3.0/netflix-eventbus-0.3.0.jar
7f1593970000-7f1593972000 r--s 00009000 08:01 11936499                   /home/danny/.m2/repository/org/slf4j/slf4j-api/1.7.25/slf4j-api-1.7.25.jar
7f1593972000-7f1593984000 r--s 000cf000 08:01 11937526                   /home/danny/.m2/repository/org/springframework/spring-webmvc/4.3.13.RELEASE/spring-webmvc-4.3.13.RELEASE.jar
7f1593984000-7f1593988000 r--s 00027000 08:01 11954490                   /home/danny/.m2/repository/com/netflix/servo/servo-internal/0.10.1/servo-internal-0.10.1.jar
7f1593988000-7f1593995000 r--s 00083000 08:01 11690273                   /home/danny/.m2/repository/commons-collections/commons-collections/3.2.2/commons-collections-3.2.2.jar
7f1593995000-7f1593999000 r--s 00024000 08:01 11954515                   /home/danny/.m2/repository/org/codehaus/woodstox/stax2-api/3.1.4/stax2-api-3.1.4.jar
7f1593999000-7f159399d000 r--s 00024000 08:01 11954559                   /home/danny/.m2/repository/com/netflix/ribbon/ribbon-loadbalancer/2.2.4/ribbon-loadbalancer-2.2.4.jar
7f159399d000-7f15939a8000 r--s 00053000 08:01 165274                     /home/danny/.m2/repository/org/springframework/security/spring-security-web/4.2.3.RELEASE/spring-security-web-4.2.3.RELEASE.jar
7f15939a8000-7f15939b2000 r--s 00086000 08:01 165270                     /home/danny/.m2/repository/org/springframework/security/spring-security-config/4.2.3.RELEASE/spring-security-config-4.2.3.RELEASE.jar
7f15939b2000-7f15939b3000 r--s 00000000 08:01 11954450                   /home/danny/.m2/repository/org/springframework/boot/spring-boot-starter-actuator/1.5.9.RELEASE/spring-boot-starter-actuator-1.5.9.RELEASE.jar
7f15939b3000-7f15939b5000 r--s 00009000 08:01 11937547                   /home/danny/.m2/repository/org/objenesis/objenesis/2.1/objenesis-2.1.jar
7f15939b5000-7f15939bf000 r--s 00055000 08:01 11586011                   /home/danny/.m2/repository/org/springframework/spring-messaging/4.3.13.RELEASE/spring-messaging-4.3.13.RELEASE.jar
7f15939bf000-7f15939c4000 r--s 00034000 08:01 11954482                   /home/danny/.m2/repository/com/google/code/gson/gson/2.8.2/gson-2.8.2.jar
7f15939c4000-7f15939c6000 r--s 00002000 08:01 11954562                   /home/danny/.m2/repository/com/netflix/netflix-commons/netflix-statistics/0.1.1/netflix-statistics-0.1.1.jar
7f15939c6000-7f15939e6000 r--s 000e6000 08:01 11937489                   /home/danny/.m2/repository/org/springframework/boot/spring-boot-autoconfigure/1.5.9.RELEASE/spring-boot-autoconfigure-1.5.9.RELEASE.jar
7f15939e6000-7f15939ea000 r--s 00012000 08:01 11954524                   /home/danny/.m2/repository/com/netflix/ribbon/ribbon/2.2.4/ribbon-2.2.4.jar
7f15939ea000-7f15939f1000 r--s 00046000 08:01 165315                     /home/danny/.m2/repository/io/netty/netty-codec/4.1.12.Final/netty-codec-4.1.12.Final.jar
7f15939f1000-7f1593a0a000 r--s 001bf000 08:01 11944134                   /home/danny/.m2/repository/org/aspectj/aspectjweaver/1.8.13/aspectjweaver-1.8.13.jar
7f1593a0a000-7f1593a0c000 r--s 00005000 08:01 11698544                   /home/danny/.m2/repository/xpp3/xpp3_min/1.1.4c/xpp3_min-1.1.4c.jar
7f1593a0c000-7f1593a18000 r--s 00056000 08:01 165276                     /home/danny/.m2/repository/org/springframework/security/spring-security-core/4.2.3.RELEASE/spring-security-core-4.2.3.RELEASE.jar
7f1593a18000-7f1593a21000 r--s 0005b000 08:01 11954466                   /home/danny/.m2/repository/com/netflix/eureka/eureka-client/1.7.0/eureka-client-1.7.0.jar
7f1593a21000-7f1593a2c000 r--s 0006a000 08:01 11936462                   /home/danny/.m2/repository/ch/qos/logback/logback-core/1.1.11/logback-core-1.1.11.jar
7f1593a2c000-7f1593a2e000 r--s 00006000 08:01 165253                     /home/danny/.m2/repository/org/springframework/cloud/spring-cloud-stream-binder-rabbit-core/1.3.3.RELEASE/spring-cloud-stream-binder-rabbit-core-1.3.3.RELEASE.jar
7f1593a2e000-7f1593a32000 r--s 00037000 08:01 11937501                   /home/danny/.m2/repository/org/apache/tomcat/embed/tomcat-embed-el/8.5.23/tomcat-embed-el-8.5.23.jar
7f1593a32000-7f1593a36000 r--s 00042000 08:01 11937515                   /home/danny/.m2/repository/com/fasterxml/jackson/core/jackson-core/2.8.10/jackson-core-2.8.10.jar
7f1593a36000-7f1593a38000 r--s 00008000 08:01 165300                     /home/danny/.m2/repository/com/github/fge/msg-simple/1.1/msg-simple-1.1.jar
7f1593a38000-7f1593a40000 r--s 0006b000 08:01 11935889                   /home/danny/.m2/repository/org/springframework/amqp/spring-rabbit/1.7.4.RELEASE/spring-rabbit-1.7.4.RELEASE.jar
7f1593a40000-7f1593a41000 r--s 00007000 08:01 165302                     /home/danny/.m2/repository/com/github/fge/jackson-coreutils/1.8/jackson-coreutils-1.8.jar
7f1593a41000-7f1593a42000 r--s 00009000 08:01 11954527                   /home/danny/.m2/repository/com/netflix/ribbon/ribbon-transport/2.2.4/ribbon-transport-2.2.4.jar
7f1593a42000-7f1593a4c000 r--s 00059000 08:01 11954536                   /home/danny/.m2/repository/io/reactivex/rxnetty/0.4.9/rxnetty-0.4.9.jar
7f1593a4c000-7f1593a75000 r--s 002c7000 08:01 11937497                   /home/danny/.m2/repository/org/apache/tomcat/embed/tomcat-embed-core/8.5.23/tomcat-embed-core-8.5.23.jar
7f1593a75000-7f1593a80000 r--s 0006b000 08:01 11935893                   /home/danny/.m2/repository/com/rabbitmq/amqp-client/4.0.3/amqp-client-4.0.3.jar
7f1593a80000-7f1593a84000 r--s 0003f000 08:01 165314                     /home/danny/.m2/repository/io/netty/netty-buffer/4.1.12.Final/netty-buffer-4.1.12.Final.jar
7f1593a84000-7f1593a85000 r--s 00002000 08:01 165301                     /home/danny/.m2/repository/com/github/fge/btf/1.2/btf-1.2.jar
7f1593a85000-7f1593a88000 r--s 00015000 08:01 165278                     /home/danny/.m2/repository/org/mock-server/mockserver-netty/3.10.8/mockserver-netty-3.10.8.jar
7f1593a88000-7f1593a98000 r--s 00095000 08:01 11937491                   /home/danny/.m2/repository/org/springframework/boot/spring-boot/1.5.9.RELEASE/spring-boot-1.5.9.RELEASE.jar
7f1593a98000-7f1593a99000 r--s 00003000 08:01 165332                     /home/danny/.m2/repository/org/mock-server/mockserver-client-java/3.10.8/mockserver-client-java-3.10.8.jar
7f1593a99000-7f1593aa3000 r--s 0007d000 08:01 165268                     /home/danny/.m2/repository/io/netty/netty-codec-http/4.1.12.Final/netty-codec-http-4.1.12.Final.jar
7f1593aa3000-7f1593aa5000 r--s 00003000 08:01 11937499                   /home/danny/.m2/repository/org/apache/tomcat/tomcat-annotations-api/8.5.23/tomcat-annotations-api-8.5.23.jar
7f1593aa5000-7f1593aab000 r--s 0002b000 08:01 165257                     /home/danny/.m2/repository/org/springframework/cloud/spring-cloud-stream/1.3.2.RELEASE/spring-cloud-stream-1.3.2.RELEASE.jar
7f1593aab000-7f1593ab1000 r--s 00044000 08:01 11954474                   /home/danny/.m2/repository/commons-jxpath/commons-jxpath/1.3/commons-jxpath-1.3.jar
7f1593ab1000-7f1593ab7000 r--s 00071000 08:01 11954503                   /home/danny/.m2/repository/org/codehaus/woodstox/woodstox-core-asl/4.4.1/woodstox-core-asl-4.4.1.jar
7f1593ab7000-7f1593ac8000 r--s 00097000 08:01 165286                     /home/danny/.m2/repository/org/bouncycastle/bcpkix-jdk15on/1.56/bcpkix-jdk15on-1.56.jar
7f1593ac8000-7f1593acf000 r--s 00051000 08:01 11929087                   /home/danny/.m2/repository/com/esotericsoftware/kryo-shaded/3.0.3/kryo-shaded-3.0.3.jar
7f1593acf000-7f1593ad0000 r--s 00000000 08:01 155798                     /home/danny/.m2/repository/org/springframework/cloud/spring-cloud-starter-eureka/1.4.2.RELEASE/spring-cloud-starter-eureka-1.4.2.RELEASE.jar
7f1593ad0000-7f1593ad5000 r--s 0001b000 08:01 11954434                   /home/danny/.m2/repository/org/springframework/cloud/spring-cloud-commons/1.3.1.RELEASE/spring-cloud-commons-1.3.1.RELEASE.jar
7f1593ad5000-7f1593ad8000 r--s 00015000 08:01 11954430                   /home/danny/.m2/repository/org/springframework/cloud/spring-cloud-context/1.3.1.RELEASE/spring-cloud-context-1.3.1.RELEASE.jar
7f1593ad8000-7f1593ad9000 r--s 00000000 08:01 165329                     /home/danny/.m2/repository/org/mock-server/mockserver-logging/3.10.8/mockserver-logging-3.10.8.jar
7f1593ad9000-7f1593ae1000 r--s 0003a000 08:01 11944152                   /home/danny/.m2/repository/org/springframework/spring-tx/4.3.13.RELEASE/spring-tx-4.3.13.RELEASE.jar
7f1593ae1000-7f1593ae2000 r--s 00001000 08:01 215575                     /home/danny/.m2/repository/xmlpull/xmlpull/1.1.3.1/xmlpull-1.1.3.1.jar
7f1593ae2000-7f1593ae4000 r--s 00003000 08:01 11936502                   /home/danny/.m2/repository/org/slf4j/jcl-over-slf4j/1.7.25/jcl-over-slf4j-1.7.25.jar
7f1593ae4000-7f1593aea000 r--s 0003d000 08:01 11936468                   /home/danny/.m2/repository/org/yaml/snakeyaml/1.17/snakeyaml-1.17.jar
7f1593aea000-7f1593aeb000 r--s 00000000 08:01 11937485                   /home/danny/.m2/repository/org/springframework/boot/spring-boot-starter-web/1.5.9.RELEASE/spring-boot-starter-web-1.5.9.RELEASE.jar
7f1593aeb000-7f1593af6000 r--s 0005c000 08:01 11954461                   /home/danny/.m2/repository/org/springframework/cloud/spring-cloud-netflix-core/1.4.2.RELEASE/spring-cloud-netflix-core-1.4.2.RELEASE.jar
7f1593af6000-7f1593af7000 r--s 00000000 08:01 11954520                   /home/danny/.m2/repository/org/springframework/cloud/spring-cloud-starter-netflix-archaius/1.4.2.RELEASE/spring-cloud-starter-netflix-archaius-1.4.2.RELEASE.jar
7f1593af7000-7f1593afc000 r--s 00068000 08:01 11658236                   /home/danny/.m2/repository/antlr/antlr/2.7.7/antlr-2.7.7.jar
7f1593afc000-7f1593b0c000 r--s 0003a000 08:01 165292                     /home/danny/.m2/repository/com/googlecode/libphonenumber/libphonenumber/6.2/libphonenumber-6.2.jar
7f1593b0c000-7f1593b1e000 r--s 000b8000 08:01 11937518                   /home/danny/.m2/repository/org/springframework/spring-web/4.3.13.RELEASE/spring-web-4.3.13.RELEASE.jar
7f1593b1e000-7f1593b23000 r--s 00032000 08:01 11954489                   /home/danny/.m2/repository/com/netflix/servo/servo-core/0.10.1/servo-core-0.10.1.jar
7f1593b23000-7f1593b24000 r--s 00000000 08:01 11954428                   /home/danny/.m2/repository/org/springframework/cloud/spring-cloud-starter/1.3.1.RELEASE/spring-cloud-starter-1.3.1.RELEASE.jar
7f1593b24000-7f1593b25000 r--s 00000000 08:01 165269                     /home/danny/.m2/repository/org/springframework/boot/spring-boot-starter-security/1.5.9.RELEASE/spring-boot-starter-security-1.5.9.RELEASE.jar
7f1593b25000-7f1593b30000 r--s 00064000 08:01 165327                     /home/danny/.m2/repository/janino/janino/2.5.10/janino-2.5.10.jar
7f1593b30000-7f1593b32000 r--s 00017000 08:01 165017                     /home/danny/.m2/repository/org/bouncycastle/bcmail-jdk15on/1.56/bcmail-jdk15on-1.56.jar
7f1593b32000-7f1593b40000 r--s 00097000 08:01 11954494                   /home/danny/.m2/repository/com/google/inject/guice/4.1.0/guice-4.1.0.jar
7f1593b40000-7f1593b43000 r--s 0000b000 08:01 11937514                   /home/danny/.m2/repository/com/fasterxml/jackson/core/jackson-annotations/2.8.0/jackson-annotations-2.8.0.jar
7f1593b43000-7f1593b46000 r--s 0001e000 08:01 11954491                   /home/danny/.m2/repository/com/sun/jersey/jersey-client/1.19.1/jersey-client-1.19.1.jar
7f1593b46000-7f1593b4a000 r--s 00025000 08:01 11954479                   /home/danny/.m2/repository/org/antlr/antlr-runtime/3.4/antlr-runtime-3.4.jar
7f1593b4a000-7f1593b4c000 r--s 00005000 08:01 11954468                   /home/danny/.m2/repository/stax/stax-api/1.0.1/stax-api-1.0.1.jar
7f1593b4c000-7f1593b5e000 r--s 000c9000 08:01 165311                     /home/danny/.m2/repository/xerces/xercesImpl/2.4.0/xercesImpl-2.4.0.jar
7f1593b5e000-7f1593b70000 r--s 0011e000 08:01 11937511                   /home/danny/.m2/repository/com/fasterxml/jackson/core/jackson-databind/2.8.10/jackson-databind-2.8.10.jar
7f1593b70000-7f1593b72000 r--s 0000e000 08:01 165309                     /home/danny/.m2/repository/net/sf/jopt-simple/jopt-simple/4.6/jopt-simple-4.6.jar
7f1593b72000-7f1593b74000 r--s 00000000 08:01 11936464                   /home/danny/.m2/repository/org/slf4j/jul-to-slf4j/1.7.25/jul-to-slf4j-1.7.25.jar
7f1593b74000-7f1593b7b000 r--s 00045000 08:01 11936461                   /home/danny/.m2/repository/ch/qos/logback/logback-classic/1.1.11/logback-classic-1.1.11.jar
7f1593b7b000-7f1593b7d000 r--s 0000c000 08:01 11954555                   /home/danny/.m2/repository/com/netflix/ribbon/ribbon-httpclient/2.2.4/ribbon-httpclient-2.2.4.jar
7f1593b7d000-7f1593b86000 r--s 00054000 08:01 11937519                   /home/danny/.m2/repository/org/springframework/spring-aop/4.3.13.RELEASE/spring-aop-4.3.13.RELEASE.jar
7f1593b86000-7f1593b87000 r--s 00000000 08:01 132922                     /home/danny/.m2/repository/org/springframework/cloud/spring-cloud-starter-stream-rabbit/1.3.3.RELEASE/spring-cloud-starter-stream-rabbit-1.3.3.RELEASE.jar
7f1593b87000-7f1593b89000 r--s 00003000 08:01 11954492                   /home/danny/.m2/repository/com/sun/jersey/contribs/jersey-apache-client4/1.19.1/jersey-apache-client4-1.19.1.jar
7f1593b89000-7f1593b8a000 r--s 00000000 08:01 11937487                   /home/danny/.m2/repository/org/springframework/boot/spring-boot-starter/1.5.9.RELEASE/spring-boot-starter-1.5.9.RELEASE.jar
7f1593b8a000-7f1593b8b000 r--s 00001000 08:01 11929084                   /home/danny/.m2/repository/org/springframework/integration/spring-integration-tuple/1.0.0.RELEASE/spring-integration-tuple-1.0.0.RELEASE.jar
7f1593b8b000-7f1593b8d000 r--s 00004000 08:01 11954504                   /home/danny/.m2/repository/javax/xml/stream/stax-api/1.0-2/stax-api-1.0-2.jar
7f1593b8d000-7f1593b92000 r--s 00025000 08:01 165293                     /home/danny/.m2/repository/com/github/fge/json-schema-core/1.2.5/json-schema-core-1.2.5.jar
7f1593b92000-7f1593ba2000 r--s 00079000 08:01 11954452                   /home/danny/.m2/repository/org/springframework/boot/spring-boot-actuator/1.5.9.RELEASE/spring-boot-actuator-1.5.9.RELEASE.jar
7f1593ba2000-7f1593ba5000 r--s 00015000 08:01 11739201                   /home/danny/.m2/repository/javax/servlet/javax.servlet-api/3.1.0/javax.servlet-api-3.1.0.jar
7f1593ba5000-7f1593ba6000 r--s 00000000 08:01 11937495                   /home/danny/.m2/repository/org/springframework/boot/spring-boot-starter-tomcat/1.5.9.RELEASE/spring-boot-starter-tomcat-1.5.9.RELEASE.jar
7f1593ba6000-7f1593ba7000 r--s 00000000 08:01 11928481                   /home/danny/.m2/repository/javax/inject/javax.inject/1/javax.inject-1.jar
7f1593ba7000-7f1593bb5000 r--s 00079000 08:01 11897325                   /home/danny/.m2/repository/com/thoughtworks/xstream/xstream/1.4.9/xstream-1.4.9.jar
7f1593bb5000-7f1593c00000 r--s 002ff000 08:01 165325                     /home/danny/.m2/repository/org/bouncycastle/bcprov-jdk15on/1.56/bcprov-jdk15on-1.56.jar
7f1593c00000-7f1593e00000 rw-p 00000000 00:00 0 
7f1593e00000-7f1594000000 rw-p 00000000 00:00 0 
7f1594000000-7f1594021000 rw-p 00000000 00:00 0 
7f1594021000-7f1598000000 ---p 00000000 00:00 0 
7f1598000000-7f1598021000 rw-p 00000000 00:00 0 
7f1598021000-7f159c000000 ---p 00000000 00:00 0 
7f159c000000-7f159d60d000 rw-p 00000000 00:00 0 
7f159d60d000-7f15a0000000 ---p 00000000 00:00 0 
7f15a0000000-7f15a0c72000 rw-p 00000000 00:00 0 
7f15a0c72000-7f15a4000000 ---p 00000000 00:00 0 
7f15a4000000-7f15a4021000 rw-p 00000000 00:00 0 
7f15a4021000-7f15a8000000 ---p 00000000 00:00 0 
7f15a8000000-7f15a8021000 rw-p 00000000 00:00 0 
7f15a8021000-7f15ac000000 ---p 00000000 00:00 0 
7f15ac000000-7f15ac039000 rw-p 00000000 00:00 0 
7f15ac039000-7f15b0000000 ---p 00000000 00:00 0 
7f15b0000000-7f15b0021000 rw-p 00000000 00:00 0 
7f15b0021000-7f15b4000000 ---p 00000000 00:00 0 
7f15b4000000-7f15b4022000 rw-p 00000000 00:00 0 
7f15b4022000-7f15b8000000 ---p 00000000 00:00 0 
7f15b8000000-7f15b8011000 r--s 0008a000 08:01 11954478                   /home/danny/.m2/repository/joda-time/joda-time/2.9.9/joda-time-2.9.9.jar
7f15b8011000-7f15b8018000 r--s 00049000 08:01 11954438                   /home/danny/.m2/repository/org/apache/httpcomponents/httpcore/4.4.8/httpcore-4.4.8.jar
7f15b8018000-7f15b801b000 r--s 00012000 08:01 11954467                   /home/danny/.m2/repository/org/codehaus/jettison/jettison/1.3.7/jettison-1.3.7.jar
7f15b801b000-7f15b8020000 r--s 0003c000 08:01 11937527                   /home/danny/.m2/repository/org/springframework/spring-expression/4.3.13.RELEASE/spring-expression-4.3.13.RELEASE.jar
7f15b8020000-7f15b8022000 r--s 0000a000 08:01 11954425                   /home/danny/.m2/repository/javax/ws/rs/jsr311-api/1.1.1/jsr311-api-1.1.1.jar
7f15b8022000-7f15b8029000 r--s 0003f000 08:01 11954441                   /home/danny/.m2/repository/commons-codec/commons-codec/1.10/commons-codec-1.10.jar
7f15b8029000-7f15b802b000 r--s 0000b000 08:01 11935891                   /home/danny/.m2/repository/com/rabbitmq/http-client/1.1.1.RELEASE/http-client-1.1.1.RELEASE.jar
7f15b802b000-7f15b8035000 r--s 00061000 08:01 11954423                   /home/danny/.m2/repository/com/sun/jersey/jersey-core/1.19.1/jersey-core-1.19.1.jar
7f15b8035000-7f15b8043000 r--s 000ad000 08:01 11937522                   /home/danny/.m2/repository/org/springframework/spring-beans/4.3.13.RELEASE/spring-beans-4.3.13.RELEASE.jar
7f15b8043000-7f15b8048000 r--s 00039000 08:01 165307                     /home/danny/.m2/repository/javax/mail/mailapi/1.4.3/mailapi-1.4.3.jar
7f15b8048000-7f15b804c000 r--s 0001a000 08:01 165283                     /home/danny/.m2/repository/io/netty/netty-codec-socks/4.1.12.Final/netty-codec-socks-4.1.12.Final.jar
7f15b804c000-7f15b804d000 r--s 00007000 08:01 165323                     /home/danny/.m2/repository/io/netty/netty-resolver/4.1.12.Final/netty-resolver-4.1.12.Final.jar
7f15b804d000-7f15b804f000 r--s 0000e000 08:01 165308                     /home/danny/.m2/repository/javax/activation/activation/1.1/activation-1.1.jar
7f15b804f000-7f15b8054000 r--s 00041000 08:01 11690271                   /home/danny/.m2/repository/commons-lang/commons-lang/2.6/commons-lang-2.6.jar
7f15b8054000-7f15b8056000 r--s 0001a000 08:01 11954535                   /home/danny/.m2/repository/org/hdrhistogram/HdrHistogram/2.1.9/HdrHistogram-2.1.9.jar
7f15b8056000-7f15b8059000 r--s 0000d000 08:01 11929068                   /home/danny/.m2/repository/org/springframework/integration/spring-integration-jmx/4.3.12.RELEASE/spring-integration-jmx-4.3.12.RELEASE.jar
7f15b8059000-7f15b805b000 r--s 00016000 08:01 11954546                   /home/danny/.m2/repository/io/netty/netty-transport-native-epoll/4.0.27.Final/netty-transport-native-epoll-4.0.27.Final.jar
7f15b805b000-7f15b805d000 r--s 00004000 08:01 11936466                   /home/danny/.m2/repository/org/slf4j/log4j-over-slf4j/1.7.25/log4j-over-slf4j-1.7.25.jar
7f15b805d000-7f15b8060000 r--s 0000b000 08:01 11954528                   /home/danny/.m2/repository/io/reactivex/rxnetty-contexts/0.4.9/rxnetty-contexts-0.4.9.jar
7f15b8060000-7f15b8065000 r--s 0001b000 08:01 11586014                   /home/danny/.m2/repository/org/springframework/retry/spring-retry/1.2.1.RELEASE/spring-retry-1.2.1.RELEASE.jar
7f15b8065000-7f15b8072000 r--s 000aa000 08:01 11954436                   /home/danny/.m2/repository/org/apache/httpcomponents/httpclient/4.5.3/httpclient-4.5.3.jar
7f15b8072000-7f15b8073000 r--s 00006000 08:01 165255                     /home/danny/.m2/repository/org/springframework/cloud/spring-cloud-stream-binder-rabbit/1.3.3.RELEASE/spring-cloud-stream-binder-rabbit-1.3.3.RELEASE.jar
7f15b8073000-7f15b8075000 r--s 00000000 08:01 165261                     /home/danny/.m2/repository/org/springframework/cloud/spring-cloud-stream-codec/1.3.2.RELEASE/spring-cloud-stream-codec-1.3.2.RELEASE.jar
7f15b8075000-7f15b8077000 r--s 00006000 08:01 11929082                   /home/danny/.m2/repository/org/springframework/spring-tuple/1.0.0.RELEASE/spring-tuple-1.0.0.RELEASE.jar
7f15b8077000-7f15b807b000 r--s 00011000 08:01 11954431                   /home/danny/.m2/repository/com/netflix/ribbon/ribbon-core/2.2.4/ribbon-core-2.2.4.jar
7f15b807b000-7f15b807d000 r--s 0000c000 08:01 11954432                   /home/danny/.m2/repository/org/springframework/security/spring-security-crypto/4.2.3.RELEASE/spring-security-crypto-4.2.3.RELEASE.jar
7f15b807d000-7f15b8081000 r--s 0000c000 08:01 11937508                   /home/danny/.m2/repository/javax/validation/validation-api/1.1.0.Final/validation-api-1.1.0.Final.jar
7f15b8081000-7f15b8082000 r--s 00001000 08:01 11929089                   /home/danny/.m2/repository/com/esotericsoftware/minlog/1.3.0/minlog-1.3.0.jar
7f15b8082000-7f15b8084000 r--s 00014000 08:01 165266                     /home/danny/.m2/repository/org/springframework/integration/spring-integration-amqp/4.3.12.RELEASE/spring-integration-amqp-4.3.12.RELEASE.jar
7f15b8084000-7f15b8086000 r--s 00006000 08:01 11954531                   /home/danny/.m2/repository/io/reactivex/rxnetty-servo/0.4.9/rxnetty-servo-0.4.9.jar
7f15b8086000-7f15b808c000 r--s 00033000 08:01 165290                     /home/danny/.m2/repository/com/github/fge/json-schema-validator/2.2.6/json-schema-validator-2.2.6.jar
7f15b808c000-7f15b808d000 r--s 00000000 08:01 11586003                   /home/danny/.m2/repository/org/springframework/boot/spring-boot-starter-validation/1.5.9.RELEASE/spring-boot-starter-validation-1.5.9.RELEASE.jar
7f15b808d000-7f15b8092000 r--s 00039000 08:01 11954502                   /home/danny/.m2/repository/com/netflix/eureka/eureka-core/1.7.0/eureka-core-1.7.0.jar
7f15b8092000-7f15b8097000 r--s 00038000 08:01 11937503                   /home/danny/.m2/repository/org/apache/tomcat/embed/tomcat-embed-websocket/8.5.23/tomcat-embed-websocket-8.5.23.jar
7f15b8097000-7f15b8099000 r--s 00003000 08:01 11954554                   /home/danny/.m2/repository/com/netflix/ribbon/ribbon-eureka/2.2.4/ribbon-eureka-2.2.4.jar
7f15b8099000-7f15b80a0000 r--s 00050000 08:01 165319                     /home/danny/.m2/repository/io/netty/netty-handler/4.1.12.Final/netty-handler-4.1.12.Final.jar
7f15b80a0000-7f15b80a1000 r--s 00000000 08:01 155801                     /home/danny/.m2/repository/org/springframework/cloud/spring-cloud-starter-netflix-eureka-client/1.4.2.RELEASE/spring-cloud-starter-netflix-eureka-client-1.4.2.RELEASE.jar
7f15b80a1000-7f15b80a3000 r--s 00010000 08:01 165284                     /home/danny/.m2/repository/com/jcraft/jzlib/1.1.3/jzlib-1.1.3.jar
7f15b80a3000-7f15b80a5000 r--s 0000e000 08:01 11937509                   /home/danny/.m2/repository/com/fasterxml/classmate/1.3.4/classmate-1.3.4.jar
7f15b80a5000-7f15b80a9000 r--s 0001e000 08:01 11954507                   /home/danny/.m2/repository/com/netflix/archaius/archaius-core/0.7.4/archaius-core-0.7.4.jar
7f15b80a9000-7f15b80bc000 r--s 000df000 08:01 11954486                   /home/danny/.m2/repository/org/apache/commons/commons-math/2.2/commons-math-2.2.jar
7f15b80bc000-7f15b80be000 r--s 00006000 08:01 11943965                   /home/danny/.m2/repository/org/skyscreamer/jsonassert/1.4.0/jsonassert-1.4.0.jar
7f15b80be000-7f15b80bf000 r--s 00000000 08:01 11929091                   /home/danny/.m2/repository/org/springframework/boot/spring-boot-starter-amqp/1.5.9.RELEASE/spring-boot-starter-amqp-1.5.9.RELEASE.jar
7f15b80bf000-7f15b80c2000 r--s 00022000 08:01 11954480                   /home/danny/.m2/repository/org/antlr/stringtemplate/3.2.1/stringtemplate-3.2.1.jar
7f15b80c2000-7f15b80c5000 r--s 00014000 08:01 11954462                   /home/danny/.m2/repository/org/springframework/cloud/spring-cloud-netflix-eureka-client/1.4.2.RELEASE/spring-cloud-netflix-eureka-client-1.4.2.RELEASE.jar
7f15b80c5000-7f15b80c8000 r--s 00006000 08:01 165291                     /home/danny/.m2/repository/com/google/code/findbugs/jsr305/3.0.0/jsr305-3.0.0.jar
7f15b80c8000-7f15b80c9000 r--s 00000000 08:01 11954523                   /home/danny/.m2/repository/org/springframework/cloud/spring-cloud-starter-netflix-ribbon/1.4.2.RELEASE/spring-cloud-starter-netflix-ribbon-1.4.2.RELEASE.jar
7f15b80c9000-7f15b80ce000 r--s 0001b000 08:01 165264                     /home/danny/.m2/repository/org/springframework/amqp/spring-amqp/1.7.4.RELEASE/spring-amqp-1.7.4.RELEASE.jar
7f15b80ce000-7f15b80d1000 r--s 00016000 08:01 11954473                   /home/danny/.m2/repository/com/netflix/netflix-commons/netflix-infix/0.3.0/netflix-infix-0.3.0.jar
7f15b80d1000-7f15b80ea000 r--s 000fe000 08:01 11937523                   /home/danny/.m2/repository/org/springframework/spring-context/4.3.13.RELEASE/spring-context-4.3.13.RELEASE.jar
7f15b80ea000-7f15b80fb000 r--s 000a1000 08:01 11937505                   /home/danny/.m2/repository/org/hibernate/hibernate-validator/5.3.6.Final/hibernate-validator-5.3.6.Final.jar
7f15b80fb000-7f15b8107000 r--s 00068000 08:01 11954534                   /home/danny/.m2/repository/com/netflix/hystrix/hystrix-core/1.5.12/hystrix-core-1.5.12.jar
7f15b8107000-7f15b810e000 r--s 00050000 08:01 11954521                   /home/danny/.m2/repository/commons-configuration/commons-configuration/1.8/commons-configuration-1.8.jar
7f15b810e000-7f15b8111000 r--s 0000e000 08:01 11936484                   /home/danny/.m2/repository/org/jboss/logging/jboss-logging/3.3.1.Final/jboss-logging-3.3.1.Final.jar
7f15b8111000-7f15b8129000 r--s 000fc000 08:01 11954564                   /home/danny/.m2/repository/io/reactivex/rxjava/1.2.0/rxjava-1.2.0.jar
7f15b8129000-7f15b812a000 r--s 00001000 08:01 11954557                   /home/danny/.m2/repository/com/netflix/netflix-commons/netflix-commons-util/0.1.1/netflix-commons-util-0.1.1.jar
7f15b812a000-7f15b8132000 r--s 00048000 08:01 165281                     /home/danny/.m2/repository/org/mock-server/mockserver-core/3.10.8/mockserver-core-3.10.8.jar
7f15b8132000-7f15b8133000 r--s 00000000 08:01 11937494                   /home/danny/.m2/repository/org/springframework/boot/spring-boot-starter-logging/1.5.9.RELEASE/spring-boot-starter-logging-1.5.9.RELEASE.jar
7f15b8133000-7f15b813a000 r--s 00064000 08:01 165333                     /home/danny/.m2/repository/org/apache/commons/commons-lang3/3.4/commons-lang3-3.4.jar
7f15b813a000-7f15b8165000 r--s 001fc000 08:01 11936951                   /home/danny/.m2/repository/com/google/guava/guava/18.0/guava-18.0.jar
7f15b8165000-7f15b8166000 r--s 00008000 08:01 11658241                   /home/danny/.m2/repository/asm/asm-util/3.2/asm-util-3.2.jar
7f15b8166000-7f15b8167000 r--s 00004000 08:01 11658245                   /home/danny/.m2/repository/asm/asm-analysis/3.2/asm-analysis-3.2.jar
7f15b8167000-7f15b816a000 r--s 00013000 08:01 11936947                   /home/danny/.m2/repository/commons-io/commons-io/1.3.2/commons-io-1.3.2.jar
7f15b816a000-7f15b816b000 r--s 00002000 08:01 11936946                   /home/danny/.m2/repository/org/vafer/jdependency/0.7/jdependency-0.7.jar
7f15b816b000-7f15b816e000 r--s 0000c000 08:01 11936944                   /home/danny/.m2/repository/org/apache/maven/shared/maven-dependency-tree/2.1/maven-dependency-tree-2.1.jar
7f15b816e000-7f15b8171000 r--s 00023000 08:01 11936943                   /home/danny/.m2/repository/org/jdom/jdom/1.1/jdom-1.1.jar
7f15b8171000-7f15b8173000 r--s 00004000 08:01 11936940                   /home/danny/.m2/repository/asm/asm-tree/3.3.1/asm-tree-3.3.1.jar
7f15b8173000-7f15b8175000 r--s 00008000 08:01 11936937                   /home/danny/.m2/repository/asm/asm-commons/3.3.1/asm-commons-3.3.1.jar
7f15b8175000-7f15b8176000 r--s 0000a000 08:01 11936936                   /home/danny/.m2/repository/asm/asm/3.3.1/asm-3.3.1.jar
7f15b8176000-7f15b8181000 r--s 00069000 08:01 11658258                   /home/danny/.m2/repository/org/sonatype/sisu/sisu-guice/2.1.7/sisu-guice-2.1.7-noaop.jar
7f15b8181000-7f15b8186000 r--s 00021000 08:01 11658256                   /home/danny/.m2/repository/org/sonatype/sisu/sisu-inject-bean/1.4.2/sisu-inject-bean-1.4.2.jar
7f15b8186000-7f15b8188000 r--s 00017000 08:01 11936930                   /home/danny/.m2/repository/org/apache/maven/plugins/maven-shade-plugin/2.2/maven-shade-plugin-2.2.jar
7f15b8188000-7f15b818a000 r--s 00001000 08:01 215579                     /home/danny/.m2/repository/org/sonatype/plexus/plexus-build-api/0.0.7/plexus-build-api-0.0.7.jar
7f15b818a000-7f15b818e000 r--s 00038000 08:01 11692375                   /home/danny/.m2/repository/org/codehaus/plexus/plexus-utils/3.0.20/plexus-utils-3.0.20.jar
7f15b818e000-7f15b8195000 r--s 00056000 08:01 11936929                   /home/danny/.m2/repository/org/apache/commons/commons-compress/1.9/commons-compress-1.9.jar
7f15b8195000-7f15b8199000 r--s 0000f000 08:01 11936925                   /home/danny/.m2/repository/org/codehaus/plexus/plexus-io/2.3.2/plexus-io-2.3.2.jar
7f15b8199000-7f15b819d000 r--s 0001f000 08:01 11936924                   /home/danny/.m2/repository/org/codehaus/plexus/plexus-archiver/2.8.1/plexus-archiver-2.8.1.jar
7f15b819d000-7f15b819f000 r--s 00009000 08:01 11673838                   /home/danny/.m2/repository/org/hamcrest/hamcrest-core/1.3/hamcrest-core-1.3.jar
7f15b819f000-7f15b81a7000 r--s 00045000 08:01 11673836                   /home/danny/.m2/repository/junit/junit/4.12/junit-4.12.jar
7f15b81a7000-7f15b81b0000 r--s 0006f000 08:01 11673908                   /home/danny/.m2/repository/log4j/log4j/1.2.17/log4j-1.2.17.jar
7f15b81b0000-7f15b81b2000 r--s 00006000 08:01 11936915                   /home/danny/.m2/repository/org/apache/maven/shared/maven-common-artifact-filters/1.4/maven-common-artifact-filters-1.4.jar
7f15b81b2000-7f15b81b4000 r--s 00002000 08:01 11658281                   /home/danny/.m2/repository/org/sonatype/plexus/plexus-cipher/1.4/plexus-cipher-1.4.jar
7f15b81b4000-7f15b81b5000 r--s 00006000 08:01 11658280                   /home/danny/.m2/repository/org/sonatype/plexus/plexus-sec-dispatcher/1.3/plexus-sec-dispatcher-1.3.jar
7f15b81b5000-7f15b81bb000 r--s 00042000 08:01 11936876                   /home/danny/.m2/repository/org/eclipse/sisu/org.eclipse.sisu.inject/0.0.0.M5/org.eclipse.sisu.inject-0.0.0.M5.jar
7f15b81bb000-7f15b81bd000 r--s 00000000 08:01 11936903                   /home/danny/.m2/repository/aopalliance/aopalliance/1.0/aopalliance-1.0.jar
7f15b81bd000-7f15b81c5000 r--s 00050000 08:01 11936902                   /home/danny/.m2/repository/org/sonatype/sisu/sisu-guice/3.1.0/sisu-guice-3.1.0-no_aop.jar
7f15b81c5000-7f15b81c8000 r--s 00008000 08:01 11936897                   /home/danny/.m2/repository/javax/enterprise/cdi-api/1.0/cdi-api-1.0.jar
7f15b81c8000-7f15b81cc000 r--s 00020000 08:01 11936895                   /home/danny/.m2/repository/org/eclipse/aether/aether-util/1.0.2.v20150114/aether-util-1.0.2.v20150114.jar
7f15b81cc000-7f15b81cf000 r--s 0000d000 08:01 212999                     /home/danny/.m2/repository/org/codehaus/plexus/plexus-interpolation/1.21/plexus-interpolation-1.21.jar
7f15b81cf000-7f15b81d3000 r--s 00026000 08:01 11674234                   /home/danny/.m2/repository/org/apache/maven/shared/maven-shared-utils/0.7/maven-shared-utils-0.7.jar
7f15b81d3000-7f15b81d4000 r--s 00005000 08:01 11936875                   /home/danny/.m2/repository/org/apache/maven/maven-archiver/2.6/maven-archiver-2.6.jar
7f15b81d4000-7f15b81d6000 r--s 0000e000 08:01 11928703                   /home/danny/.m2/repository/commons-logging/commons-logging/1.2/commons-logging-1.2.jar
7f15b81d6000-7f15b81ed000 r--s 000fc000 08:01 11937551                   /home/danny/.m2/repository/org/springframework/spring-core/4.3.13.RELEASE/spring-core-4.3.13.RELEASE.jar
7f15b81ed000-7f15b81ef000 r--s 00023000 08:01 11944033                   /home/danny/.m2/repository/org/springframework/boot/spring-boot-loader-tools/1.5.9.RELEASE/spring-boot-loader-tools-1.5.9.RELEASE.jar
7f15b81ef000-7f15b81f1000 r--s 0000f000 08:01 11937262                   /home/danny/.m2/repository/org/springframework/boot/spring-boot-maven-plugin/1.5.9.RELEASE/spring-boot-maven-plugin-1.5.9.RELEASE.jar
7f15b81f1000-7f15b83f1000 rw-p 00000000 00:00 0 
7f15b83f1000-7f15b846b000 r--s 010fd000 08:01 10839182                   /usr/lib/jvm/java-8-openjdk/lib/tools.jar
7f15b846b000-7f15b846e000 r--s 0001b000 08:01 11673619                   /home/danny/.m2/repository/junit/junit/3.8.2/junit-3.8.2.jar
7f15b846e000-7f15b847c000 r--s 0008f000 08:01 11673617                   /home/danny/.m2/repository/com/google/collections/google-collections/1.0/google-collections-1.0.jar
7f15b847c000-7f15b847d000 r--s 0000a000 08:01 11658955                   /home/danny/.m2/repository/commons-logging/commons-logging-api/1.1/commons-logging-api-1.1.jar
7f15b847d000-7f15b8484000 r--s 00051000 08:01 11658954                   /home/danny/.m2/repository/log4j/log4j/1.2.12/log4j-1.2.12.jar
7f15b8484000-7f15b8488000 r--s 0001d000 08:01 11658951                   /home/danny/.m2/repository/org/apache/xbean/xbean-reflect/3.4/xbean-reflect-3.4.jar
7f15b8488000-7f15b848a000 r--s 00000000 08:01 11658944                   /home/danny/.m2/repository/org/codehaus/plexus/plexus-compiler-manager/2.2/plexus-compiler-manager-2.2.jar
7f15b848a000-7f15b848c000 r--s 00005000 08:01 11658941                   /home/danny/.m2/repository/org/codehaus/plexus/plexus-compiler-api/2.2/plexus-compiler-api-2.2.jar
7f15b848c000-7f15b868c000 rw-p 00000000 00:00 0 
7f15b868c000-7f15b869d000 r-xp 00000000 08:01 10518933                   /usr/lib/jvm/java-8-openjdk/jre/lib/amd64/libnio.so
7f15b869d000-7f15b889d000 ---p 00011000 08:01 10518933                   /usr/lib/jvm/java-8-openjdk/jre/lib/amd64/libnio.so
7f15b889d000-7f15b889e000 r--p 00011000 08:01 10518933                   /usr/lib/jvm/java-8-openjdk/jre/lib/amd64/libnio.so
7f15b889e000-7f15b889f000 rw-p 00012000 08:01 10518933                   /usr/lib/jvm/java-8-openjdk/jre/lib/amd64/libnio.so
7f15b889f000-7f15b88b6000 r-xp 00000000 08:01 10518931                   /usr/lib/jvm/java-8-openjdk/jre/lib/amd64/libnet.so
7f15b88b6000-7f15b8ab5000 ---p 00017000 08:01 10518931                   /usr/lib/jvm/java-8-openjdk/jre/lib/amd64/libnet.so
7f15b8ab5000-7f15b8ab6000 r--p 00016000 08:01 10518931                   /usr/lib/jvm/java-8-openjdk/jre/lib/amd64/libnet.so
7f15b8ab6000-7f15b8ab7000 rw-p 00017000 08:01 10518931                   /usr/lib/jvm/java-8-openjdk/jre/lib/amd64/libnet.so
7f15b8ab7000-7f15b8cb7000 rw-p 00000000 00:00 0 
7f15b8cb7000-7f15b8eb7000 rw-p 00000000 00:00 0 
7f15b8eb7000-7f15b90b7000 rw-p 00000000 00:00 0 
7f15b90b7000-7f15b90e6000 r--s 00226000 08:01 1968216                    /opt/maven/lib/guava-20.0.jar
7f15b90e6000-7f15b90e8000 r-xp 00000000 08:01 10474737                   /usr/lib/libutil-2.26.so
7f15b90e8000-7f15b92e7000 ---p 00002000 08:01 10474737                   /usr/lib/libutil-2.26.so
7f15b92e7000-7f15b92e8000 r--p 00001000 08:01 10474737                   /usr/lib/libutil-2.26.so
7f15b92e8000-7f15b92e9000 rw-p 00002000 08:01 10474737                   /usr/lib/libutil-2.26.so
7f15b92e9000-7f15b92ea000 r--s 00004000 08:01 11658945                   /home/danny/.m2/repository/org/codehaus/plexus/plexus-compiler-javac/2.2/plexus-compiler-javac-2.2.jar
7f15b92ea000-7f15b92ec000 r--s 00000000 08:01 11658939                   /home/danny/.m2/repository/org/codehaus/plexus/plexus-component-annotations/1.5.5/plexus-component-annotations-1.5.5.jar
7f15b92ec000-7f15b92ee000 r--s 00002000 08:01 11658938                   /home/danny/.m2/repository/org/apache/maven/shared/maven-shared-incremental/1.1/maven-shared-incremental-1.1.jar
7f15b92ee000-7f15b92f0000 r--s 00006000 08:01 11658294                   /home/danny/.m2/repository/com/google/code/findbugs/jsr305/2.0.1/jsr305-2.0.1.jar
7f15b92f0000-7f15b92f3000 r--s 00023000 08:01 11658937                   /home/danny/.m2/repository/org/apache/maven/shared/maven-shared-utils/0.1/maven-shared-utils-0.1.jar
7f15b92f3000-7f15b92f7000 r--s 00030000 08:01 11658907                   /home/danny/.m2/repository/org/codehaus/plexus/plexus-utils/1.5.1/plexus-utils-1.5.1.jar
7f15b92f7000-7f15b92f9000 r--s 00009000 08:01 11658369                   /home/danny/.m2/repository/org/apache/maven/plugins/maven-compiler-plugin/3.1/maven-compiler-plugin-3.1.jar
7f15b92f9000-7f15b92fb000 r--s 0000d000 08:01 11658631                   /home/danny/.m2/repository/org/codehaus/plexus/plexus-interpolation/1.13/plexus-interpolation-1.13.jar
7f15b92fb000-7f15b92fc000 r--s 00001000 08:01 11658630                   /home/danny/.m2/repository/org/sonatype/plexus/plexus-build-api/0.0.4/plexus-build-api-0.0.4.jar
7f15b92fc000-7f15b92fe000 r--s 00009000 08:01 11658627                   /home/danny/.m2/repository/org/apache/maven/shared/maven-filtering/1.1/maven-filtering-1.1.jar
7f15b92fe000-7f15b9302000 r--s 00033000 08:01 11658625                   /home/danny/.m2/repository/org/codehaus/plexus/plexus-utils/2.0.5/plexus-utils-2.0.5.jar
7f15b9302000-7f15b9305000 r--s 0001b000 08:01 11658397                   /home/danny/.m2/repository/junit/junit/3.8.1/junit-3.8.1.jar
7f15b9305000-7f15b9307000 r--s 00002000 08:01 11658611                   /home/danny/.m2/repository/org/codehaus/plexus/plexus-interactivity-api/1.0-alpha-4/plexus-interactivity-api-1.0-alpha-4.jar
7f15b9307000-7f15b9309000 r--s 00006000 08:01 11658610                   /home/danny/.m2/repository/commons-cli/commons-cli/1.0/commons-cli-1.0.jar
7f15b9309000-7f15b930a000 r--s 00001000 08:01 11658586                   /home/danny/.m2/repository/org/apache/maven/doxia/doxia-sink-api/1.0-alpha-7/doxia-sink-api-1.0-alpha-7.jar
7f15b930a000-7f15b930b000 r--s 00002000 08:01 11658601                   /home/danny/.m2/repository/org/apache/maven/reporting/maven-reporting-api/2.0.6/maven-reporting-api-2.0.6.jar
7f15b930b000-7f15b930d000 r--s 00006000 08:01 11658362                   /home/danny/.m2/repository/org/apache/maven/plugins/maven-resources-plugin/2.6/maven-resources-plugin-2.6.jar
7f15b930d000-7f15b9312000 r--s 0009a000 08:01 10518563                   /usr/lib/jvm/java-8-openjdk/jre/lib/jsse.jar
7f15b9312000-7f15b9315000 r--s 00011000 08:01 1968221                    /opt/maven/lib/plexus-interpolation-1.24.jar
7f15b9315000-7f15b9318000 r-xp 00000000 08:01 1968228                    /opt/maven/lib/jansi-native/linux64/libjansi.so
7f15b9318000-7f15b9517000 ---p 00003000 08:01 1968228                    /opt/maven/lib/jansi-native/linux64/libjansi.so
7f15b9517000-7f15b9518000 rw-p 00002000 08:01 1968228                    /opt/maven/lib/jansi-native/linux64/libjansi.so
7f15b9518000-7f15b951b000 r--s 00025000 08:01 1968111                    /opt/maven/lib/maven-shared-utils-3.1.0.jar
7f15b951b000-7f15b9524000 r--s 0005f000 08:01 1968113                    /opt/maven/lib/guice-4.0-no_aop.jar
7f15b9524000-7f15b9528000 r--s 0002a000 08:01 1968125                    /opt/maven/lib/maven-resolver-impl-1.1.0.jar
7f15b9528000-7f15b9554000 r--s 001e6000 08:01 1968127                    /opt/maven/lib/wagon-http-2.12-shaded.jar
7f15b9554000-7f15b9555000 ---p 00000000 00:00 0 
7f15b9555000-7f15b9655000 rw-p 00000000 00:00 0 
7f15b9655000-7f15b9658000 ---p 00000000 00:00 0 
7f15b9658000-7f15b9756000 rw-p 00000000 00:00 0 
7f15b9756000-7f15b9759000 ---p 00000000 00:00 0 
7f15b9759000-7f15b9857000 rw-p 00000000 00:00 0 
7f15b9857000-7f15b985a000 ---p 00000000 00:00 0 
7f15b985a000-7f15b9958000 rw-p 00000000 00:00 0 
7f15b9958000-7f15b995b000 ---p 00000000 00:00 0 
7f15b995b000-7f15b9a59000 rw-p 00000000 00:00 0 
7f15b9a59000-7f15b9bf4000 r--p 00000000 08:01 10478298                   /usr/lib/locale/locale-archive
7f15b9bf4000-7f15b9bf7000 ---p 00000000 00:00 0 
7f15b9bf7000-7f15b9cf5000 rw-p 00000000 00:00 0 
7f15b9cf5000-7f15b9cf8000 ---p 00000000 00:00 0 
7f15b9cf8000-7f15b9df6000 rw-p 00000000 00:00 0 
7f15b9df6000-7f15b9df7000 ---p 00000000 00:00 0 
7f15b9df7000-7f15bc000000 rw-p 00000000 00:00 0 
7f15bc000000-7f15bc021000 rw-p 00000000 00:00 0 
7f15bc021000-7f15c0000000 ---p 00000000 00:00 0 
7f15c0000000-7f15c0002000 r--s 00006000 08:01 1968159                    /opt/maven/lib/maven-resolver-transport-wagon-1.1.0.jar
7f15c0002000-7f15c0004000 r--s 00007000 08:01 1968157                    /opt/maven/lib/maven-resolver-spi-1.1.0.jar
7f15c0004000-7f15c0008000 r--s 0002f000 08:01 1968156                    /opt/maven/lib/commons-io-2.5.jar
7f15c0008000-7f15c0009000 r--s 00006000 08:01 1968165                    /opt/maven/lib/plexus-sec-dispatcher-1.4.jar
7f15c0009000-7f15c000d000 r--s 00023000 08:01 1968139                    /opt/maven/lib/maven-resolver-util-1.1.0.jar
7f15c000d000-7f15c000f000 r--s 0000f000 08:01 1968146                    /opt/maven/lib/maven-resolver-provider-3.5.2.jar
7f15c000f000-7f15c0011000 r--s 00009000 08:01 1968213                    /opt/maven/lib/maven-resolver-connector-basic-1.1.0.jar
7f15c0011000-7f15c0015000 r--s 00020000 08:01 1968162                    /opt/maven/lib/maven-resolver-api-1.1.0.jar
7f15c0015000-7f15c0016000 r--s 00003000 08:01 1968131                    /opt/maven/lib/maven-builder-support-3.5.2.jar
7f15c0016000-7f15c0018000 r--s 00002000 08:01 1968129                    /opt/maven/lib/plexus-cipher-1.7.jar
7f15c0018000-7f15c001a000 r--s 00000000 08:01 1968114                    /opt/maven/lib/plexus-component-annotations-1.7.1.jar
7f15c001a000-7f15c001d000 r--s 0003c000 08:01 1968158                    /opt/maven/lib/jansi-1.16.jar
7f15c001d000-7f15c001e000 r--s 00001000 08:01 1968118                    /opt/maven/lib/jsr250-api-1.0.jar
7f15c001e000-7f15c0022000 r--s 0003c000 08:01 1968119                    /opt/maven/lib/plexus-utils-3.1.0.jar
7f15c0022000-7f15c0024000 r--s 0000c000 08:01 1968166                    /opt/maven/lib/wagon-provider-api-2.12.jar
7f15c0024000-7f15c0025000 r--s 00002000 08:01 1968220                    /opt/maven/lib/wagon-file-2.12.jar
7f15c0025000-7f15c0027000 r--s 0000a000 08:01 1968121                    /opt/maven/lib/maven-plugin-api-3.5.2.jar
7f15c0027000-7f15c0029000 r--s 00000000 08:01 1968154                    /opt/maven/lib/aopalliance-1.0.jar
7f15c0029000-7f15c002c000 r--s 00008000 08:01 1968152                    /opt/maven/lib/cdi-api-1.0.jar
7f15c002c000-7f15c0032000 r--s 0002d000 08:01 1968109                    /opt/maven/lib/org.eclipse.sisu.plexus-0.3.3.jar
7f15c0032000-7f15c0033000 r--s 00006000 08:01 1968123                    /opt/maven/lib/maven-repository-metadata-3.5.2.jar
7f15c0033000-7f15c0040000 r--s 0008e000 08:01 1968116                    /opt/maven/lib/maven-core-3.5.2.jar
7f15c0040000-7f15c00af000 rw-p 00000000 00:00 0 
7f15c00af000-7f15c027d000 r--s 03c15000 08:01 10518889                   /usr/lib/jvm/java-8-openjdk/jre/lib/rt.jar
7f15c027d000-7f15c03f3000 rw-p 00000000 00:00 0 
7f15c03f3000-7f15c03f4000 ---p 00000000 00:00 0 
7f15c03f4000-7f15c04f4000 rw-p 00000000 00:00 0 
7f15c04f4000-7f15c04f5000 ---p 00000000 00:00 0 
7f15c04f5000-7f15c062c000 rw-p 00000000 00:00 0 
7f15c062c000-7f15c09b5000 ---p 00000000 00:00 0 
7f15c09b5000-7f15c1775000 rwxp 00000000 00:00 0 
7f15c1775000-7f15cf9b5000 ---p 00000000 00:00 0 
7f15cf9b5000-7f15cf9bd000 r-xp 00000000 08:01 10518937                   /usr/lib/jvm/java-8-openjdk/jre/lib/amd64/libzip.so
7f15cf9bd000-7f15cfbbc000 ---p 00008000 08:01 10518937                   /usr/lib/jvm/java-8-openjdk/jre/lib/amd64/libzip.so
7f15cfbbc000-7f15cfbbd000 r--p 00007000 08:01 10518937                   /usr/lib/jvm/java-8-openjdk/jre/lib/amd64/libzip.so
7f15cfbbd000-7f15cfbbe000 rw-p 00008000 08:01 10518937                   /usr/lib/jvm/java-8-openjdk/jre/lib/amd64/libzip.so
7f15cfbbe000-7f15cfbc9000 r-xp 00000000 08:01 10475624                   /usr/lib/libnss_files-2.26.so
7f15cfbc9000-7f15cfdc8000 ---p 0000b000 08:01 10475624                   /usr/lib/libnss_files-2.26.so
7f15cfdc8000-7f15cfdc9000 r--p 0000a000 08:01 10475624                   /usr/lib/libnss_files-2.26.so
7f15cfdc9000-7f15cfdca000 rw-p 0000b000 08:01 10475624                   /usr/lib/libnss_files-2.26.so
7f15cfdca000-7f15cfdd0000 rw-p 00000000 00:00 0 
7f15cfdd0000-7f15cfdfe000 r-xp 00000000 08:01 10518920                   /usr/lib/jvm/java-8-openjdk/jre/lib/amd64/libjava.so
7f15cfdfe000-7f15cfffd000 ---p 0002e000 08:01 10518920                   /usr/lib/jvm/java-8-openjdk/jre/lib/amd64/libjava.so
7f15cfffd000-7f15cfffe000 r--p 0002d000 08:01 10518920                   /usr/lib/jvm/java-8-openjdk/jre/lib/amd64/libjava.so
7f15cfffe000-7f15d0000000 rw-p 0002e000 08:01 10518920                   /usr/lib/jvm/java-8-openjdk/jre/lib/amd64/libjava.so
7f15d0000000-7f15d1392000 rw-p 00000000 00:00 0 
7f15d1392000-7f15d4000000 ---p 00000000 00:00 0 
7f15d4000000-7f15d4001000 r--s 00000000 08:01 1968212                    /opt/maven/lib/javax.inject-1.jar
7f15d4001000-7f15d4003000 r--s 0000c000 08:01 1968150                    /opt/maven/lib/commons-cli-1.4.jar
7f15d4003000-7f15d4005000 r--s 00009000 08:01 1968126                    /opt/maven/lib/maven-settings-builder-3.5.2.jar
7f15d4005000-7f15d4007000 r--s 00009000 08:01 1968169                    /opt/maven/lib/slf4j-api-1.7.25.jar
7f15d4007000-7f15d400e000 r--s 00056000 08:01 1968103                    /opt/maven/lib/org.eclipse.sisu.inject-0.3.3.jar
7f15d400e000-7f15d4015000 r--s 00041000 08:01 1968160                    /opt/maven/lib/maven-compat-3.5.2.jar
7f15d4015000-7f15d40d3000 rw-p 00000000 00:00 0 
7f15d40d3000-7f15d4163000 ---p 00000000 00:00 0 
7f15d4163000-7f15d41b9000 rw-p 00000000 00:00 0 
7f15d41b9000-7f15d41ba000 rw-p 00000000 00:00 0 
7f15d41ba000-7f15d41c7000 r-xp 00000000 08:01 10518909                   /usr/lib/jvm/java-8-openjdk/jre/lib/amd64/libverify.so
7f15d41c7000-7f15d43c6000 ---p 0000d000 08:01 10518909                   /usr/lib/jvm/java-8-openjdk/jre/lib/amd64/libverify.so
7f15d43c6000-7f15d43c8000 r--p 0000c000 08:01 10518909                   /usr/lib/jvm/java-8-openjdk/jre/lib/amd64/libverify.so
7f15d43c8000-7f15d43c9000 rw-p 0000e000 08:01 10518909                   /usr/lib/jvm/java-8-openjdk/jre/lib/amd64/libverify.so
7f15d43c9000-7f15d43d0000 r-xp 00000000 08:01 10474785                   /usr/lib/librt-2.26.so
7f15d43d0000-7f15d45cf000 ---p 00007000 08:01 10474785                   /usr/lib/librt-2.26.so
7f15d45cf000-7f15d45d0000 r--p 00006000 08:01 10474785                   /usr/lib/librt-2.26.so
7f15d45d0000-7f15d45d1000 rw-p 00007000 08:01 10474785                   /usr/lib/librt-2.26.so
7f15d45d1000-7f15d471c000 r-xp 00000000 08:01 10475392                   /usr/lib/libm-2.26.so
7f15d471c000-7f15d491b000 ---p 0014b000 08:01 10475392                   /usr/lib/libm-2.26.so
7f15d491b000-7f15d491c000 r--p 0014a000 08:01 10475392                   /usr/lib/libm-2.26.so
7f15d491c000-7f15d491d000 rw-p 0014b000 08:01 10475392                   /usr/lib/libm-2.26.so
7f15d491d000-7f15d55c0000 r-xp 00000000 08:01 10526839                   /usr/lib/jvm/java-8-openjdk/jre/lib/amd64/server/libjvm.so
7f15d55c0000-7f15d57c0000 ---p 00ca3000 08:01 10526839                   /usr/lib/jvm/java-8-openjdk/jre/lib/amd64/server/libjvm.so
7f15d57c0000-7f15d5854000 r--p 00ca3000 08:01 10526839                   /usr/lib/jvm/java-8-openjdk/jre/lib/amd64/server/libjvm.so
7f15d5854000-7f15d587c000 rw-p 00d37000 08:01 10526839                   /usr/lib/jvm/java-8-openjdk/jre/lib/amd64/server/libjvm.so
7f15d587c000-7f15d58ad000 rw-p 00000000 00:00 0 
7f15d58ad000-7f15d5a5b000 r-xp 00000000 08:01 10481442                   /usr/lib/libc-2.26.so
7f15d5a5b000-7f15d5c5b000 ---p 001ae000 08:01 10481442                   /usr/lib/libc-2.26.so
7f15d5c5b000-7f15d5c5f000 r--p 001ae000 08:01 10481442                   /usr/lib/libc-2.26.so
7f15d5c5f000-7f15d5c61000 rw-p 001b2000 08:01 10481442                   /usr/lib/libc-2.26.so
7f15d5c61000-7f15d5c65000 rw-p 00000000 00:00 0 
7f15d5c65000-7f15d5c68000 r-xp 00000000 08:01 10475406                   /usr/lib/libdl-2.26.so
7f15d5c68000-7f15d5e67000 ---p 00003000 08:01 10475406                   /usr/lib/libdl-2.26.so
7f15d5e67000-7f15d5e68000 r--p 00002000 08:01 10475406                   /usr/lib/libdl-2.26.so
7f15d5e68000-7f15d5e69000 rw-p 00003000 08:01 10475406                   /usr/lib/libdl-2.26.so
7f15d5e69000-7f15d5e77000 r-xp 00000000 08:01 10528429                   /usr/lib/jvm/java-8-openjdk/jre/lib/amd64/jli/libjli.so
7f15d5e77000-7f15d6076000 ---p 0000e000 08:01 10528429                   /usr/lib/jvm/java-8-openjdk/jre/lib/amd64/jli/libjli.so
7f15d6076000-7f15d6077000 r--p 0000d000 08:01 10528429                   /usr/lib/jvm/java-8-openjdk/jre/lib/amd64/jli/libjli.so
7f15d6077000-7f15d6078000 rw-p 0000e000 08:01 10528429                   /usr/lib/jvm/java-8-openjdk/jre/lib/amd64/jli/libjli.so
7f15d6078000-7f15d608e000 r-xp 00000000 08:01 10471601                   /usr/lib/libz.so.1.2.11
7f15d608e000-7f15d628d000 ---p 00016000 08:01 10471601                   /usr/lib/libz.so.1.2.11
7f15d628d000-7f15d628e000 r--p 00015000 08:01 10471601                   /usr/lib/libz.so.1.2.11
7f15d628e000-7f15d628f000 rw-p 00016000 08:01 10471601                   /usr/lib/libz.so.1.2.11
7f15d628f000-7f15d62a8000 r-xp 00000000 08:01 10482103                   /usr/lib/libpthread-2.26.so
7f15d62a8000-7f15d64a7000 ---p 00019000 08:01 10482103                   /usr/lib/libpthread-2.26.so
7f15d64a7000-7f15d64a8000 r--p 00018000 08:01 10482103                   /usr/lib/libpthread-2.26.so
7f15d64a8000-7f15d64a9000 rw-p 00019000 08:01 10482103                   /usr/lib/libpthread-2.26.so
7f15d64a9000-7f15d64ad000 rw-p 00000000 00:00 0 
7f15d64ad000-7f15d64d2000 r-xp 00000000 08:01 10481491                   /usr/lib/ld-2.26.so
7f15d64d2000-7f15d64d4000 r--s 0000c000 08:01 1968107                    /opt/maven/lib/maven-artifact-3.5.2.jar
7f15d64d4000-7f15d650f000 rw-p 00000000 00:00 0 
7f15d650f000-7f15d65a0000 ---p 00000000 00:00 0 
7f15d65a0000-7f15d65a3000 ---p 00000000 00:00 0 
7f15d65a3000-7f15d66a3000 rw-p 00000000 00:00 0 
7f15d66a3000-7f15d66a4000 r--s 00005000 08:01 1968117                    /opt/maven/lib/maven-slf4j-provider-3.5.2.jar
7f15d66a4000-7f15d66a7000 r--s 00026000 08:01 1968163                    /opt/maven/lib/maven-model-3.5.2.jar
7f15d66a7000-7f15d66af000 r--s 0006e000 08:01 1968223                    /opt/maven/lib/commons-lang3-3.5.jar
7f15d66af000-7f15d66b3000 r--s 00028000 08:01 1968143                    /opt/maven/lib/maven-model-builder-3.5.2.jar
7f15d66b3000-7f15d66b5000 r--s 00003000 08:01 1968215                    /opt/maven/lib/jcl-over-slf4j-1.7.25.jar
7f15d66b5000-7f15d66b6000 r--s 0000a000 08:01 1968105                    /opt/maven/lib/maven-settings-3.5.2.jar
7f15d66b6000-7f15d66b9000 r--s 00015000 08:01 1968148                    /opt/maven/lib/maven-embedder-3.5.2.jar
7f15d66b9000-7f15d66bb000 r--s 0000b000 08:01 1968242                    /opt/maven/boot/plexus-classworlds-2.5.2.jar
7f15d66bb000-7f15d66c5000 rw-p 00000000 00:00 0 
7f15d66c5000-7f15d66cd000 rw-s 00000000 00:26 1025137                    /tmp/hsperfdata_danny/15634
7f15d66cd000-7f15d66ce000 rw-p 00000000 00:00 0 
7f15d66ce000-7f15d66cf000 ---p 00000000 00:00 0 
7f15d66cf000-7f15d66d1000 rw-p 00000000 00:00 0 
7f15d66d1000-7f15d66d2000 r--p 00024000 08:01 10481491                   /usr/lib/ld-2.26.so
7f15d66d2000-7f15d66d3000 rw-p 00025000 08:01 10481491                   /usr/lib/ld-2.26.so
7f15d66d3000-7f15d66d4000 rw-p 00000000 00:00 0 
7ffe83b2e000-7ffe83b4f000 rw-p 00000000 00:00 0                          [stack]
7ffe83bd7000-7ffe83bda000 r--p 00000000 00:00 0                          [vvar]
7ffe83bda000-7ffe83bdc000 r-xp 00000000 00:00 0                          [vdso]
ffffffffff600000-ffffffffff601000 r-xp 00000000 00:00 0                  [vsyscall]

VM Arguments:
jvm_args: -Xmx512m -Dclassworlds.conf=/opt/maven/bin/m2.conf -Dmaven.home=/opt/maven -Dlibrary.jansi.path=/opt/maven/lib/jansi-native -Dmaven.multiModuleProjectDirectory=/home/danny/Revature/caliber/microservices/dto 
java_command: org.codehaus.plexus.classworlds.launcher.Launcher spring-boot:run -Dmaven.test.skip=true
java_class_path (initial): /opt/maven/boot/plexus-classworlds-2.5.2.jar
Launcher Type: SUN_STANDARD

Environment Variables:
PATH=/usr/local/sbin:/usr/local/bin:/usr/bin:/usr/lib/jvm/default/bin:/usr/bin/site_perl:/usr/bin/vendor_perl:/usr/bin/core_perl
SHELL=/bin/bash
DISPLAY=:0

Signal Handlers:
SIGSEGV: [libjvm.so+0xaa46c0], sa_mask[0]=11111111011111111101111111111110, sa_flags=SA_RESTART|SA_SIGINFO
SIGBUS: [libjvm.so+0xaa46c0], sa_mask[0]=11111111011111111101111111111110, sa_flags=SA_RESTART|SA_SIGINFO
SIGFPE: [libjvm.so+0x8dc3d0], sa_mask[0]=11111111011111111101111111111110, sa_flags=SA_RESTART|SA_SIGINFO
SIGPIPE: [libjvm.so+0x8dc3d0], sa_mask[0]=11111111011111111101111111111110, sa_flags=SA_RESTART|SA_SIGINFO
SIGXFSZ: [libjvm.so+0x8dc3d0], sa_mask[0]=11111111011111111101111111111110, sa_flags=SA_RESTART|SA_SIGINFO
SIGILL:                                                                                                                                                                                                                                                                                                   